2021-10-16 13:59:39,717:INFO:PyCaret Supervised Module
2021-10-16 13:59:39,717:INFO:ML Usecase: classification
2021-10-16 13:59:39,718:INFO:version 2.2.3
2021-10-16 13:59:39,718:INFO:Initializing setup()
2021-10-16 13:59:39,718:INFO:setup(target=Response, ml_usecase=classification, available_plots={'parameter': 'Hyperparameters', 'auc': 'AUC', 'confusion_matrix': 'Confusion Matrix', 'threshold': 'Threshold', 'pr': 'Precision Recall', 'error': 'Prediction Error', 'class_report': 'Class Report', 'rfe': 'Feature Selection', 'learning': 'Learning Curve', 'manifold': 'Manifold Learning', 'calibration': 'Calibration Curve', 'vc': 'Validation Curve', 'dimension': 'Dimensions', 'feature': 'Feature Importance', 'feature_all': 'Feature Importance (All)', 'boundary': 'Decision Boundary', 'lift': 'Lift Chart', 'gain': 'Gain Chart', 'tree': 'Decision Tree'}, train_size=0.7, test_data=None, preprocess=True, imputation_type=simple, iterative_imputation_iters=5, categorical_features=None, categorical_imputation=constant, categorical_iterative_imputer=lightgbm, ordinal_features=None, high_cardinality_features=None, high_cardinality_method=frequency, numeric_features=None, numeric_imputation=mean, numeric_iterative_imputer=lightgbm, date_features=None, ignore_features=None, normalize=False, normalize_method=zscore, transformation=False, transformation_method=yeo-johnson, handle_unknown_categorical=True, unknown_categorical_method=least_frequent, pca=False, pca_method=linear, pca_components=None, ignore_low_variance=False, combine_rare_levels=False, rare_level_threshold=0.1, bin_numeric_features=None, remove_outliers=False, outliers_threshold=0.05, remove_multicollinearity=False, multicollinearity_threshold=0.9, remove_perfect_collinearity=True, create_clusters=False, cluster_iter=20, polynomial_features=False, polynomial_degree=2, trigonometry_features=False, polynomial_threshold=0.1, group_features=None, group_names=None, feature_selection=False, feature_selection_threshold=0.8, feature_selection_method=classic, feature_interaction=False, feature_ratio=False, interaction_threshold=0.01, fix_imbalance=False, fix_imbalance_method=None, transform_target=False, transform_target_method=box-cox, data_split_shuffle=True, data_split_stratify=False, fold_strategy=stratifiedkfold, fold=10, fold_shuffle=False, fold_groups=None, n_jobs=-1, use_gpu=False, custom_pipeline=None, html=True, session_id=None, log_experiment=False, experiment_name=None, log_plots=False, log_profile=False, log_data=False, silent=False, verbose=True, profile=False, profile_kwargs=None, display=None)
2021-10-16 13:59:39,719:INFO:Checking environment
2021-10-16 13:59:39,719:INFO:python_version: 3.8.5
2021-10-16 13:59:39,719:INFO:python_build: ('default', 'Sep  4 2020 02:22:02')
2021-10-16 13:59:39,720:INFO:machine: x86_64
2021-10-16 13:59:39,743:INFO:platform: macOS-10.15.7-x86_64-i386-64bit
2021-10-16 13:59:39,743:INFO:Memory: svmem(total=8589934592, available=3090935808, percent=64.0, used=4357791744, free=294952960, active=2797228032, inactive=2791522304, wired=1560563712)
2021-10-16 13:59:39,744:INFO:Physical Core: 2
2021-10-16 13:59:39,744:INFO:Logical Core: 4
2021-10-16 13:59:39,744:INFO:Checking libraries
2021-10-16 13:59:39,744:INFO:pd==1.1.3
2021-10-16 13:59:39,744:INFO:numpy==1.19.5
2021-10-16 13:59:39,744:INFO:sklearn==0.23.2
2021-10-16 13:59:40,251:INFO:xgboost==1.3.3
2021-10-16 13:59:40,251:INFO:lightgbm==3.1.1
2021-10-16 13:59:40,314:INFO:catboost==0.24.4
2021-10-16 13:59:41,362:INFO:mlflow==1.14.0
2021-10-16 13:59:41,363:INFO:Checking Exceptions
2021-10-16 13:59:41,364:INFO:Declaring global variables
2021-10-16 13:59:41,364:INFO:USI: 9200
2021-10-16 13:59:41,364:INFO:pycaret_globals: {'fix_imbalance_param', 'y', 'master_model_container', 'X', '_all_metrics', 'create_model_container', '_ml_usecase', 'X_train', 'log_plots_param', 'logging_param', 'imputation_classifier', 'fold_groups_param', 'fold_generator', 'fix_imbalance_method_param', 'y_train', 'html_param', 'gpu_param', '_gpu_n_jobs_param', 'fold_shuffle_param', 'imputation_regressor', 'data_before_preprocess', 'USI', 'transform_target_param', '_all_models_internal', 'seed', 'exp_name_log', 'X_test', 'stratify_param', 'prep_pipe', '_all_models', '_internal_pipeline', 'pycaret_globals', 'display_container', 'transform_target_method_param', '_available_plots', 'iterative_imputation_iters_param', 'y_test', 'target_param', 'fold_param', 'n_jobs_param', 'experiment__'}
2021-10-16 13:59:41,364:INFO:Preparing display monitor
2021-10-16 13:59:41,364:INFO:Preparing display monitor
2021-10-16 13:59:41,394:INFO:Importing libraries
2021-10-16 13:59:41,394:INFO:Copying data for preprocessing
2021-10-16 13:59:41,411:INFO:Declaring preprocessing parameters
2021-10-16 13:59:41,417:INFO:Creating preprocessing pipeline
2021-10-16 13:59:41,448:INFO:Preprocessing pipeline created successfully
2021-10-16 13:59:41,449:ERROR:(Process Exit): setup has been interupted with user command 'quit'. setup must rerun.
2021-10-16 13:59:41,449:INFO:Creating global containers
2021-10-16 13:59:41,451:INFO:Internal pipeline: Pipeline(memory=None, steps=[('empty_step', 'passthrough')], verbose=False)
2021-10-16 13:59:47,617:INFO:Creating grid variables
2021-10-16 13:59:47,650:INFO:create_model_container: 0
2021-10-16 13:59:47,650:INFO:master_model_container: 0
2021-10-16 13:59:47,650:INFO:display_container: 1
2021-10-16 13:59:47,662:INFO:Pipeline(memory=None,
         steps=[('dtypes',
                 DataTypes_Auto_infer(categorical_features=[],
                                      display_types=True, features_todrop=[],
                                      id_columns=[],
                                      ml_usecase='classification',
                                      numerical_features=[], target='Response',
                                      time_features=[])),
                ('imputer',
                 Simple_Imputer(categorical_strategy='not_available',
                                fill_value_categorical=None,
                                fill_value_numerical=None,
                                numeric_str...
                ('scaling', 'passthrough'), ('P_transform', 'passthrough'),
                ('binn', 'passthrough'), ('rem_outliers', 'passthrough'),
                ('cluster_all', 'passthrough'),
                ('dummy', Dummify(target='Response')),
                ('fix_perfect', Remove_100(target='Response')),
                ('clean_names', Clean_Colum_Names()),
                ('feature_select', 'passthrough'), ('fix_multi', 'passthrough'),
                ('dfs', 'passthrough'), ('pca', 'passthrough')],
         verbose=False)
2021-10-16 13:59:47,662:INFO:setup() succesfully completed......................................
2021-10-16 14:00:19,095:INFO:Initializing compare_models()
2021-10-16 14:00:19,096:INFO:compare_models(include=None, fold=None, round=4, cross_validation=True, sort=Accuracy, n_select=1, budget_time=None, turbo=True, errors=ignore, fit_kwargs=None, groups=None, verbose=True, display=None, exclude=None)
2021-10-16 14:00:19,097:INFO:Checking exceptions
2021-10-16 14:00:19,099:INFO:Preparing display monitor
2021-10-16 14:00:19,099:INFO:Preparing display monitor
2021-10-16 14:00:19,173:INFO:Initializing Logistic Regression
2021-10-16 14:00:19,173:INFO:Total runtime is 5.030632019042969e-06 minutes
2021-10-16 14:00:19,196:INFO:SubProcess create_model() called ==================================
2021-10-16 14:00:19,196:INFO:Initializing create_model()
2021-10-16 14:00:19,197:INFO:create_model(estimator=lr, fold=StratifiedKFold(n_splits=10, random_state=7505, shuffle=False), round=4, cross_validation=True, predict=True, fit_kwargs={}, groups=None, refit=False, verbose=False, system=False, metrics=None, display=<pycaret.internal.Display.Display object at 0x7ffeb6f20730>, kwargs={})
2021-10-16 14:00:19,197:INFO:Checking exceptions
2021-10-16 14:00:19,197:INFO:Importing libraries
2021-10-16 14:00:19,197:INFO:Copying training dataset
2021-10-16 14:00:19,199:INFO:Defining folds
2021-10-16 14:00:19,199:INFO:Declaring metric variables
2021-10-16 14:00:19,222:INFO:Importing untrained model
2021-10-16 14:00:19,243:INFO:Logistic Regression Imported succesfully
2021-10-16 14:00:19,284:INFO:Starting cross validation
2021-10-16 14:00:19,286:INFO:Cross validating with StratifiedKFold(n_splits=10, random_state=7505, shuffle=False), n_jobs=-1
2021-10-16 14:00:31,792:INFO:Calculating mean and std
2021-10-16 14:00:31,798:INFO:Creating metrics dataframe
2021-10-16 14:00:31,814:INFO:Uploading results into container
2021-10-16 14:00:31,814:INFO:Uploading model into container now
2021-10-16 14:00:31,814:INFO:create_model_container: 1
2021-10-16 14:00:31,815:INFO:master_model_container: 1
2021-10-16 14:00:31,815:INFO:display_container: 2
2021-10-16 14:00:31,816:INFO:LogisticRegression(C=1.0, class_weight=None, dual=False, fit_intercept=True,
                   intercept_scaling=1, l1_ratio=None, max_iter=1000,
                   multi_class='auto', n_jobs=None, penalty='l2',
                   random_state=7505, solver='lbfgs', tol=0.0001, verbose=0,
                   warm_start=False)
2021-10-16 14:00:31,816:INFO:create_model() succesfully completed......................................
2021-10-16 14:00:31,924:INFO:SubProcess create_model() end ==================================
2021-10-16 14:00:31,924:INFO:Creating metrics dataframe
2021-10-16 14:00:31,948:INFO:Initializing K Neighbors Classifier
2021-10-16 14:00:31,949:INFO:Total runtime is 0.21292693614959715 minutes
2021-10-16 14:00:31,972:INFO:SubProcess create_model() called ==================================
2021-10-16 14:00:31,972:INFO:Initializing create_model()
2021-10-16 14:00:31,973:INFO:create_model(estimator=knn, fold=StratifiedKFold(n_splits=10, random_state=7505, shuffle=False), round=4, cross_validation=True, predict=True, fit_kwargs={}, groups=None, refit=False, verbose=False, system=False, metrics=None, display=<pycaret.internal.Display.Display object at 0x7ffeb6f20730>, kwargs={})
2021-10-16 14:00:31,973:INFO:Checking exceptions
2021-10-16 14:00:31,973:INFO:Importing libraries
2021-10-16 14:00:31,973:INFO:Copying training dataset
2021-10-16 14:00:31,975:INFO:Defining folds
2021-10-16 14:00:31,975:INFO:Declaring metric variables
2021-10-16 14:00:31,995:INFO:Importing untrained model
2021-10-16 14:00:32,020:INFO:K Neighbors Classifier Imported succesfully
2021-10-16 14:00:32,056:INFO:Starting cross validation
2021-10-16 14:00:32,057:INFO:Cross validating with StratifiedKFold(n_splits=10, random_state=7505, shuffle=False), n_jobs=-1
2021-10-16 14:00:32,441:INFO:Calculating mean and std
2021-10-16 14:00:32,442:INFO:Creating metrics dataframe
2021-10-16 14:00:32,448:INFO:Uploading results into container
2021-10-16 14:00:32,448:INFO:Uploading model into container now
2021-10-16 14:00:32,448:INFO:create_model_container: 2
2021-10-16 14:00:32,448:INFO:master_model_container: 2
2021-10-16 14:00:32,449:INFO:display_container: 2
2021-10-16 14:00:32,449:INFO:KNeighborsClassifier(algorithm='auto', leaf_size=30, metric='minkowski',
                     metric_params=None, n_jobs=-1, n_neighbors=5, p=2,
                     weights='uniform')
2021-10-16 14:00:32,450:INFO:create_model() succesfully completed......................................
2021-10-16 14:00:32,526:INFO:SubProcess create_model() end ==================================
2021-10-16 14:00:32,526:INFO:Creating metrics dataframe
2021-10-16 14:00:32,555:INFO:Initializing Naive Bayes
2021-10-16 14:00:32,555:INFO:Total runtime is 0.22302973270416257 minutes
2021-10-16 14:00:32,573:INFO:SubProcess create_model() called ==================================
2021-10-16 14:00:32,574:INFO:Initializing create_model()
2021-10-16 14:00:32,574:INFO:create_model(estimator=nb, fold=StratifiedKFold(n_splits=10, random_state=7505, shuffle=False), round=4, cross_validation=True, predict=True, fit_kwargs={}, groups=None, refit=False, verbose=False, system=False, metrics=None, display=<pycaret.internal.Display.Display object at 0x7ffeb6f20730>, kwargs={})
2021-10-16 14:00:32,575:INFO:Checking exceptions
2021-10-16 14:00:32,575:INFO:Importing libraries
2021-10-16 14:00:32,575:INFO:Copying training dataset
2021-10-16 14:00:32,576:INFO:Defining folds
2021-10-16 14:00:32,577:INFO:Declaring metric variables
2021-10-16 14:00:32,595:INFO:Importing untrained model
2021-10-16 14:00:32,615:INFO:Naive Bayes Imported succesfully
2021-10-16 14:00:32,669:INFO:Starting cross validation
2021-10-16 14:00:32,670:INFO:Cross validating with StratifiedKFold(n_splits=10, random_state=7505, shuffle=False), n_jobs=-1
2021-10-16 14:00:32,860:INFO:Calculating mean and std
2021-10-16 14:00:32,862:INFO:Creating metrics dataframe
2021-10-16 14:00:32,867:INFO:Uploading results into container
2021-10-16 14:00:32,868:INFO:Uploading model into container now
2021-10-16 14:00:32,869:INFO:create_model_container: 3
2021-10-16 14:00:32,869:INFO:master_model_container: 3
2021-10-16 14:00:32,869:INFO:display_container: 2
2021-10-16 14:00:32,869:INFO:GaussianNB(priors=None, var_smoothing=1e-09)
2021-10-16 14:00:32,869:INFO:create_model() succesfully completed......................................
2021-10-16 14:00:32,946:INFO:SubProcess create_model() end ==================================
2021-10-16 14:00:32,946:INFO:Creating metrics dataframe
2021-10-16 14:00:32,977:INFO:Initializing Decision Tree Classifier
2021-10-16 14:00:32,978:INFO:Total runtime is 0.23007409969965614 minutes
2021-10-16 14:00:32,996:INFO:SubProcess create_model() called ==================================
2021-10-16 14:00:32,997:INFO:Initializing create_model()
2021-10-16 14:00:32,997:INFO:create_model(estimator=dt, fold=StratifiedKFold(n_splits=10, random_state=7505, shuffle=False), round=4, cross_validation=True, predict=True, fit_kwargs={}, groups=None, refit=False, verbose=False, system=False, metrics=None, display=<pycaret.internal.Display.Display object at 0x7ffeb6f20730>, kwargs={})
2021-10-16 14:00:32,997:INFO:Checking exceptions
2021-10-16 14:00:32,997:INFO:Importing libraries
2021-10-16 14:00:32,997:INFO:Copying training dataset
2021-10-16 14:00:33,000:INFO:Defining folds
2021-10-16 14:00:33,000:INFO:Declaring metric variables
2021-10-16 14:00:33,022:INFO:Importing untrained model
2021-10-16 14:00:33,048:INFO:Decision Tree Classifier Imported succesfully
2021-10-16 14:00:33,095:INFO:Starting cross validation
2021-10-16 14:00:33,096:INFO:Cross validating with StratifiedKFold(n_splits=10, random_state=7505, shuffle=False), n_jobs=-1
2021-10-16 14:00:33,382:INFO:Calculating mean and std
2021-10-16 14:00:33,384:INFO:Creating metrics dataframe
2021-10-16 14:00:33,390:INFO:Uploading results into container
2021-10-16 14:00:33,390:INFO:Uploading model into container now
2021-10-16 14:00:33,390:INFO:create_model_container: 4
2021-10-16 14:00:33,391:INFO:master_model_container: 4
2021-10-16 14:00:33,391:INFO:display_container: 2
2021-10-16 14:00:33,392:INFO:DecisionTreeClassifier(ccp_alpha=0.0, class_weight=None, criterion='gini',
                       max_depth=None, max_features=None, max_leaf_nodes=None,
                       min_impurity_decrease=0.0, min_impurity_split=None,
                       min_samples_leaf=1, min_samples_split=2,
                       min_weight_fraction_leaf=0.0, presort='deprecated',
                       random_state=7505, splitter='best')
2021-10-16 14:00:33,392:INFO:create_model() succesfully completed......................................
2021-10-16 14:00:33,468:INFO:SubProcess create_model() end ==================================
2021-10-16 14:00:33,468:INFO:Creating metrics dataframe
2021-10-16 14:00:33,494:INFO:Initializing SVM - Linear Kernel
2021-10-16 14:00:33,494:INFO:Total runtime is 0.23868914842605587 minutes
2021-10-16 14:00:33,512:INFO:SubProcess create_model() called ==================================
2021-10-16 14:00:33,513:INFO:Initializing create_model()
2021-10-16 14:00:33,513:INFO:create_model(estimator=svm, fold=StratifiedKFold(n_splits=10, random_state=7505, shuffle=False), round=4, cross_validation=True, predict=True, fit_kwargs={}, groups=None, refit=False, verbose=False, system=False, metrics=None, display=<pycaret.internal.Display.Display object at 0x7ffeb6f20730>, kwargs={})
2021-10-16 14:00:33,516:INFO:Checking exceptions
2021-10-16 14:00:33,516:INFO:Importing libraries
2021-10-16 14:00:33,516:INFO:Copying training dataset
2021-10-16 14:00:33,517:INFO:Defining folds
2021-10-16 14:00:33,518:INFO:Declaring metric variables
2021-10-16 14:00:33,541:INFO:Importing untrained model
2021-10-16 14:00:33,562:INFO:SVM - Linear Kernel Imported succesfully
2021-10-16 14:00:33,605:INFO:Starting cross validation
2021-10-16 14:00:33,607:INFO:Cross validating with StratifiedKFold(n_splits=10, random_state=7505, shuffle=False), n_jobs=-1
2021-10-16 14:00:33,859:INFO:Calculating mean and std
2021-10-16 14:00:33,861:INFO:Creating metrics dataframe
2021-10-16 14:00:33,867:INFO:Uploading results into container
2021-10-16 14:00:33,867:INFO:Uploading model into container now
2021-10-16 14:00:33,867:INFO:create_model_container: 5
2021-10-16 14:00:33,867:INFO:master_model_container: 5
2021-10-16 14:00:33,867:INFO:display_container: 2
2021-10-16 14:00:33,869:INFO:SGDClassifier(alpha=0.0001, average=False, class_weight=None,
              early_stopping=False, epsilon=0.1, eta0=0.001, fit_intercept=True,
              l1_ratio=0.15, learning_rate='optimal', loss='hinge',
              max_iter=1000, n_iter_no_change=5, n_jobs=-1, penalty='l2',
              power_t=0.5, random_state=7505, shuffle=True, tol=0.001,
              validation_fraction=0.1, verbose=0, warm_start=False)
2021-10-16 14:00:33,870:INFO:create_model() succesfully completed......................................
2021-10-16 14:00:33,960:INFO:SubProcess create_model() end ==================================
2021-10-16 14:00:33,960:INFO:Creating metrics dataframe
2021-10-16 14:00:33,995:INFO:Initializing Ridge Classifier
2021-10-16 14:00:33,996:INFO:Total runtime is 0.24703988234202065 minutes
2021-10-16 14:00:34,019:INFO:SubProcess create_model() called ==================================
2021-10-16 14:00:34,022:INFO:Initializing create_model()
2021-10-16 14:00:34,022:INFO:create_model(estimator=ridge, fold=StratifiedKFold(n_splits=10, random_state=7505, shuffle=False), round=4, cross_validation=True, predict=True, fit_kwargs={}, groups=None, refit=False, verbose=False, system=False, metrics=None, display=<pycaret.internal.Display.Display object at 0x7ffeb6f20730>, kwargs={})
2021-10-16 14:00:34,022:INFO:Checking exceptions
2021-10-16 14:00:34,022:INFO:Importing libraries
2021-10-16 14:00:34,022:INFO:Copying training dataset
2021-10-16 14:00:34,024:INFO:Defining folds
2021-10-16 14:00:34,024:INFO:Declaring metric variables
2021-10-16 14:00:34,044:INFO:Importing untrained model
2021-10-16 14:00:34,068:INFO:Ridge Classifier Imported succesfully
2021-10-16 14:00:34,159:INFO:Starting cross validation
2021-10-16 14:00:34,160:INFO:Cross validating with StratifiedKFold(n_splits=10, random_state=7505, shuffle=False), n_jobs=-1
2021-10-16 14:00:34,382:INFO:Calculating mean and std
2021-10-16 14:00:34,384:INFO:Creating metrics dataframe
2021-10-16 14:00:34,391:INFO:Uploading results into container
2021-10-16 14:00:34,391:INFO:Uploading model into container now
2021-10-16 14:00:34,391:INFO:create_model_container: 6
2021-10-16 14:00:34,391:INFO:master_model_container: 6
2021-10-16 14:00:34,391:INFO:display_container: 2
2021-10-16 14:00:34,392:INFO:RidgeClassifier(alpha=1.0, class_weight=None, copy_X=True, fit_intercept=True,
                max_iter=None, normalize=False, random_state=7505,
                solver='auto', tol=0.001)
2021-10-16 14:00:34,392:INFO:create_model() succesfully completed......................................
2021-10-16 14:00:34,467:INFO:SubProcess create_model() end ==================================
2021-10-16 14:00:34,467:INFO:Creating metrics dataframe
2021-10-16 14:00:34,496:INFO:Initializing Random Forest Classifier
2021-10-16 14:00:34,496:INFO:Total runtime is 0.2553831656773885 minutes
2021-10-16 14:00:34,512:INFO:SubProcess create_model() called ==================================
2021-10-16 14:00:34,512:INFO:Initializing create_model()
2021-10-16 14:00:34,512:INFO:create_model(estimator=rf, fold=StratifiedKFold(n_splits=10, random_state=7505, shuffle=False), round=4, cross_validation=True, predict=True, fit_kwargs={}, groups=None, refit=False, verbose=False, system=False, metrics=None, display=<pycaret.internal.Display.Display object at 0x7ffeb6f20730>, kwargs={})
2021-10-16 14:00:34,512:INFO:Checking exceptions
2021-10-16 14:00:34,513:INFO:Importing libraries
2021-10-16 14:00:34,513:INFO:Copying training dataset
2021-10-16 14:00:34,514:INFO:Defining folds
2021-10-16 14:00:34,515:INFO:Declaring metric variables
2021-10-16 14:00:34,534:INFO:Importing untrained model
2021-10-16 14:00:34,555:INFO:Random Forest Classifier Imported succesfully
2021-10-16 14:00:34,591:INFO:Starting cross validation
2021-10-16 14:00:34,593:INFO:Cross validating with StratifiedKFold(n_splits=10, random_state=7505, shuffle=False), n_jobs=-1
2021-10-16 14:00:37,878:INFO:Calculating mean and std
2021-10-16 14:00:37,880:INFO:Creating metrics dataframe
2021-10-16 14:00:37,886:INFO:Uploading results into container
2021-10-16 14:00:37,886:INFO:Uploading model into container now
2021-10-16 14:00:37,886:INFO:create_model_container: 7
2021-10-16 14:00:37,886:INFO:master_model_container: 7
2021-10-16 14:00:37,887:INFO:display_container: 2
2021-10-16 14:00:37,887:INFO:RandomForestClassifier(bootstrap=True, ccp_alpha=0.0, class_weight=None,
                       criterion='gini', max_depth=None, max_features='auto',
                       max_leaf_nodes=None, max_samples=None,
                       min_impurity_decrease=0.0, min_impurity_split=None,
                       min_samples_leaf=1, min_samples_split=2,
                       min_weight_fraction_leaf=0.0, n_estimators=100,
                       n_jobs=-1, oob_score=False, random_state=7505, verbose=0,
                       warm_start=False)
2021-10-16 14:00:37,887:INFO:create_model() succesfully completed......................................
2021-10-16 14:00:37,963:INFO:SubProcess create_model() end ==================================
2021-10-16 14:00:37,963:INFO:Creating metrics dataframe
2021-10-16 14:00:37,991:INFO:Initializing Quadratic Discriminant Analysis
2021-10-16 14:00:37,991:INFO:Total runtime is 0.31362806955973305 minutes
2021-10-16 14:00:38,005:INFO:SubProcess create_model() called ==================================
2021-10-16 14:00:38,006:INFO:Initializing create_model()
2021-10-16 14:00:38,006:INFO:create_model(estimator=qda, fold=StratifiedKFold(n_splits=10, random_state=7505, shuffle=False), round=4, cross_validation=True, predict=True, fit_kwargs={}, groups=None, refit=False, verbose=False, system=False, metrics=None, display=<pycaret.internal.Display.Display object at 0x7ffeb6f20730>, kwargs={})
2021-10-16 14:00:38,006:INFO:Checking exceptions
2021-10-16 14:00:38,006:INFO:Importing libraries
2021-10-16 14:00:38,007:INFO:Copying training dataset
2021-10-16 14:00:38,009:INFO:Defining folds
2021-10-16 14:00:38,009:INFO:Declaring metric variables
2021-10-16 14:00:38,025:INFO:Importing untrained model
2021-10-16 14:00:38,044:INFO:Quadratic Discriminant Analysis Imported succesfully
2021-10-16 14:00:38,080:INFO:Starting cross validation
2021-10-16 14:00:38,080:INFO:Cross validating with StratifiedKFold(n_splits=10, random_state=7505, shuffle=False), n_jobs=-1
2021-10-16 14:00:38,381:INFO:Calculating mean and std
2021-10-16 14:00:38,382:INFO:Creating metrics dataframe
2021-10-16 14:00:38,388:INFO:Uploading results into container
2021-10-16 14:00:38,388:INFO:Uploading model into container now
2021-10-16 14:00:38,388:INFO:create_model_container: 8
2021-10-16 14:00:38,388:INFO:master_model_container: 8
2021-10-16 14:00:38,388:INFO:display_container: 2
2021-10-16 14:00:38,389:INFO:QuadraticDiscriminantAnalysis(priors=None, reg_param=0.0,
                              store_covariance=False, tol=0.0001)
2021-10-16 14:00:38,389:INFO:create_model() succesfully completed......................................
2021-10-16 14:00:38,465:INFO:SubProcess create_model() end ==================================
2021-10-16 14:00:38,465:INFO:Creating metrics dataframe
2021-10-16 14:00:38,492:INFO:Initializing Ada Boost Classifier
2021-10-16 14:00:38,492:INFO:Total runtime is 0.32198189894358314 minutes
2021-10-16 14:00:38,506:INFO:SubProcess create_model() called ==================================
2021-10-16 14:00:38,507:INFO:Initializing create_model()
2021-10-16 14:00:38,507:INFO:create_model(estimator=ada, fold=StratifiedKFold(n_splits=10, random_state=7505, shuffle=False), round=4, cross_validation=True, predict=True, fit_kwargs={}, groups=None, refit=False, verbose=False, system=False, metrics=None, display=<pycaret.internal.Display.Display object at 0x7ffeb6f20730>, kwargs={})
2021-10-16 14:00:38,507:INFO:Checking exceptions
2021-10-16 14:00:38,507:INFO:Importing libraries
2021-10-16 14:00:38,508:INFO:Copying training dataset
2021-10-16 14:00:38,510:INFO:Defining folds
2021-10-16 14:00:38,510:INFO:Declaring metric variables
2021-10-16 14:00:38,526:INFO:Importing untrained model
2021-10-16 14:00:38,544:INFO:Ada Boost Classifier Imported succesfully
2021-10-16 14:00:38,580:INFO:Starting cross validation
2021-10-16 14:00:38,582:INFO:Cross validating with StratifiedKFold(n_splits=10, random_state=7505, shuffle=False), n_jobs=-1
2021-10-16 14:00:39,917:INFO:Calculating mean and std
2021-10-16 14:00:39,918:INFO:Creating metrics dataframe
2021-10-16 14:00:39,923:INFO:Uploading results into container
2021-10-16 14:00:39,924:INFO:Uploading model into container now
2021-10-16 14:00:39,924:INFO:create_model_container: 9
2021-10-16 14:00:39,924:INFO:master_model_container: 9
2021-10-16 14:00:39,924:INFO:display_container: 2
2021-10-16 14:00:39,925:INFO:AdaBoostClassifier(algorithm='SAMME.R', base_estimator=None, learning_rate=1.0,
                   n_estimators=50, random_state=7505)
2021-10-16 14:00:39,925:INFO:create_model() succesfully completed......................................
2021-10-16 14:00:40,015:INFO:SubProcess create_model() end ==================================
2021-10-16 14:00:40,015:INFO:Creating metrics dataframe
2021-10-16 14:00:40,065:INFO:Initializing Gradient Boosting Classifier
2021-10-16 14:00:40,065:INFO:Total runtime is 0.3482018987337748 minutes
2021-10-16 14:00:40,081:INFO:SubProcess create_model() called ==================================
2021-10-16 14:00:40,082:INFO:Initializing create_model()
2021-10-16 14:00:40,082:INFO:create_model(estimator=gbc, fold=StratifiedKFold(n_splits=10, random_state=7505, shuffle=False), round=4, cross_validation=True, predict=True, fit_kwargs={}, groups=None, refit=False, verbose=False, system=False, metrics=None, display=<pycaret.internal.Display.Display object at 0x7ffeb6f20730>, kwargs={})
2021-10-16 14:00:40,082:INFO:Checking exceptions
2021-10-16 14:00:40,082:INFO:Importing libraries
2021-10-16 14:00:40,082:INFO:Copying training dataset
2021-10-16 14:00:40,084:INFO:Defining folds
2021-10-16 14:00:40,084:INFO:Declaring metric variables
2021-10-16 14:00:40,109:INFO:Importing untrained model
2021-10-16 14:00:40,133:INFO:Gradient Boosting Classifier Imported succesfully
2021-10-16 14:00:40,179:INFO:Starting cross validation
2021-10-16 14:00:40,181:INFO:Cross validating with StratifiedKFold(n_splits=10, random_state=7505, shuffle=False), n_jobs=-1
2021-10-16 14:00:43,873:INFO:Calculating mean and std
2021-10-16 14:00:43,875:INFO:Creating metrics dataframe
2021-10-16 14:00:43,880:INFO:Uploading results into container
2021-10-16 14:00:43,880:INFO:Uploading model into container now
2021-10-16 14:00:43,881:INFO:create_model_container: 10
2021-10-16 14:00:43,881:INFO:master_model_container: 10
2021-10-16 14:00:43,881:INFO:display_container: 2
2021-10-16 14:00:43,882:INFO:GradientBoostingClassifier(ccp_alpha=0.0, criterion='friedman_mse', init=None,
                           learning_rate=0.1, loss='deviance', max_depth=3,
                           max_features=None, max_leaf_nodes=None,
                           min_impurity_decrease=0.0, min_impurity_split=None,
                           min_samples_leaf=1, min_samples_split=2,
                           min_weight_fraction_leaf=0.0, n_estimators=100,
                           n_iter_no_change=None, presort='deprecated',
                           random_state=7505, subsample=1.0, tol=0.0001,
                           validation_fraction=0.1, verbose=0,
                           warm_start=False)
2021-10-16 14:00:43,882:INFO:create_model() succesfully completed......................................
2021-10-16 14:00:43,970:INFO:SubProcess create_model() end ==================================
2021-10-16 14:00:43,970:INFO:Creating metrics dataframe
2021-10-16 14:00:44,005:INFO:Initializing Linear Discriminant Analysis
2021-10-16 14:00:44,006:INFO:Total runtime is 0.41387476523717237 minutes
2021-10-16 14:00:44,022:INFO:SubProcess create_model() called ==================================
2021-10-16 14:00:44,022:INFO:Initializing create_model()
2021-10-16 14:00:44,024:INFO:create_model(estimator=lda, fold=StratifiedKFold(n_splits=10, random_state=7505, shuffle=False), round=4, cross_validation=True, predict=True, fit_kwargs={}, groups=None, refit=False, verbose=False, system=False, metrics=None, display=<pycaret.internal.Display.Display object at 0x7ffeb6f20730>, kwargs={})
2021-10-16 14:00:44,024:INFO:Checking exceptions
2021-10-16 14:00:44,024:INFO:Importing libraries
2021-10-16 14:00:44,024:INFO:Copying training dataset
2021-10-16 14:00:44,028:INFO:Defining folds
2021-10-16 14:00:44,028:INFO:Declaring metric variables
2021-10-16 14:00:44,047:INFO:Importing untrained model
2021-10-16 14:00:44,064:INFO:Linear Discriminant Analysis Imported succesfully
2021-10-16 14:00:44,100:INFO:Starting cross validation
2021-10-16 14:00:44,100:INFO:Cross validating with StratifiedKFold(n_splits=10, random_state=7505, shuffle=False), n_jobs=-1
2021-10-16 14:00:44,508:INFO:Calculating mean and std
2021-10-16 14:00:44,509:INFO:Creating metrics dataframe
2021-10-16 14:00:44,515:INFO:Uploading results into container
2021-10-16 14:00:44,515:INFO:Uploading model into container now
2021-10-16 14:00:44,515:INFO:create_model_container: 11
2021-10-16 14:00:44,516:INFO:master_model_container: 11
2021-10-16 14:00:44,516:INFO:display_container: 2
2021-10-16 14:00:44,517:INFO:LinearDiscriminantAnalysis(n_components=None, priors=None, shrinkage=None,
                           solver='svd', store_covariance=False, tol=0.0001)
2021-10-16 14:00:44,517:INFO:create_model() succesfully completed......................................
2021-10-16 14:00:44,592:INFO:SubProcess create_model() end ==================================
2021-10-16 14:00:44,592:INFO:Creating metrics dataframe
2021-10-16 14:00:44,626:INFO:Initializing Extra Trees Classifier
2021-10-16 14:00:44,637:INFO:Total runtime is 0.4244034012158711 minutes
2021-10-16 14:00:44,661:INFO:SubProcess create_model() called ==================================
2021-10-16 14:00:44,661:INFO:Initializing create_model()
2021-10-16 14:00:44,661:INFO:create_model(estimator=et, fold=StratifiedKFold(n_splits=10, random_state=7505, shuffle=False), round=4, cross_validation=True, predict=True, fit_kwargs={}, groups=None, refit=False, verbose=False, system=False, metrics=None, display=<pycaret.internal.Display.Display object at 0x7ffeb6f20730>, kwargs={})
2021-10-16 14:00:44,662:INFO:Checking exceptions
2021-10-16 14:00:44,663:INFO:Importing libraries
2021-10-16 14:00:44,663:INFO:Copying training dataset
2021-10-16 14:00:44,665:INFO:Defining folds
2021-10-16 14:00:44,665:INFO:Declaring metric variables
2021-10-16 14:00:44,682:INFO:Importing untrained model
2021-10-16 14:00:44,701:INFO:Extra Trees Classifier Imported succesfully
2021-10-16 14:00:44,742:INFO:Starting cross validation
2021-10-16 14:00:44,743:INFO:Cross validating with StratifiedKFold(n_splits=10, random_state=7505, shuffle=False), n_jobs=-1
2021-10-16 14:00:47,179:INFO:Calculating mean and std
2021-10-16 14:00:47,181:INFO:Creating metrics dataframe
2021-10-16 14:00:47,187:INFO:Uploading results into container
2021-10-16 14:00:47,187:INFO:Uploading model into container now
2021-10-16 14:00:47,187:INFO:create_model_container: 12
2021-10-16 14:00:47,188:INFO:master_model_container: 12
2021-10-16 14:00:47,188:INFO:display_container: 2
2021-10-16 14:00:47,189:INFO:ExtraTreesClassifier(bootstrap=False, ccp_alpha=0.0, class_weight=None,
                     criterion='gini', max_depth=None, max_features='auto',
                     max_leaf_nodes=None, max_samples=None,
                     min_impurity_decrease=0.0, min_impurity_split=None,
                     min_samples_leaf=1, min_samples_split=2,
                     min_weight_fraction_leaf=0.0, n_estimators=100, n_jobs=-1,
                     oob_score=False, random_state=7505, verbose=0,
                     warm_start=False)
2021-10-16 14:00:47,189:INFO:create_model() succesfully completed......................................
2021-10-16 14:00:47,267:INFO:SubProcess create_model() end ==================================
2021-10-16 14:00:47,267:INFO:Creating metrics dataframe
2021-10-16 14:00:47,304:INFO:Initializing Extreme Gradient Boosting
2021-10-16 14:00:47,304:INFO:Total runtime is 0.46884391705195105 minutes
2021-10-16 14:00:47,321:INFO:SubProcess create_model() called ==================================
2021-10-16 14:00:47,322:INFO:Initializing create_model()
2021-10-16 14:00:47,322:INFO:create_model(estimator=xgboost, fold=StratifiedKFold(n_splits=10, random_state=7505, shuffle=False), round=4, cross_validation=True, predict=True, fit_kwargs={}, groups=None, refit=False, verbose=False, system=False, metrics=None, display=<pycaret.internal.Display.Display object at 0x7ffeb6f20730>, kwargs={})
2021-10-16 14:00:47,322:INFO:Checking exceptions
2021-10-16 14:00:47,322:INFO:Importing libraries
2021-10-16 14:00:47,322:INFO:Copying training dataset
2021-10-16 14:00:47,325:INFO:Defining folds
2021-10-16 14:00:47,325:INFO:Declaring metric variables
2021-10-16 14:00:47,343:INFO:Importing untrained model
2021-10-16 14:00:47,367:INFO:Extreme Gradient Boosting Imported succesfully
2021-10-16 14:00:47,403:INFO:Starting cross validation
2021-10-16 14:00:47,407:INFO:Cross validating with StratifiedKFold(n_splits=10, random_state=7505, shuffle=False), n_jobs=-1
2021-10-16 14:01:01,336:INFO:Calculating mean and std
2021-10-16 14:01:01,341:INFO:Creating metrics dataframe
2021-10-16 14:01:01,350:INFO:Uploading results into container
2021-10-16 14:01:01,350:INFO:Uploading model into container now
2021-10-16 14:01:01,350:INFO:create_model_container: 13
2021-10-16 14:01:01,350:INFO:master_model_container: 13
2021-10-16 14:01:01,351:INFO:display_container: 2
2021-10-16 14:01:01,352:INFO:XGBClassifier(base_score=None, booster='gbtree', colsample_bylevel=None,
              colsample_bynode=None, colsample_bytree=None, gamma=None,
              gpu_id=None, importance_type='gain', interaction_constraints=None,
              learning_rate=None, max_delta_step=None, max_depth=None,
              min_child_weight=None, missing=nan, monotone_constraints=None,
              n_estimators=100, n_jobs=-1, num_parallel_tree=None,
              objective='binary:logistic', random_state=7505, reg_alpha=None,
              reg_lambda=None, scale_pos_weight=None, subsample=None,
              tree_method='auto', use_label_encoder=True,
              validate_parameters=None, verbosity=0)
2021-10-16 14:01:01,352:INFO:create_model() succesfully completed......................................
2021-10-16 14:01:01,524:INFO:SubProcess create_model() end ==================================
2021-10-16 14:01:01,524:INFO:Creating metrics dataframe
2021-10-16 14:01:01,626:INFO:Initializing Light Gradient Boosting Machine
2021-10-16 14:01:01,626:INFO:Total runtime is 0.707551880677541 minutes
2021-10-16 14:01:01,657:INFO:SubProcess create_model() called ==================================
2021-10-16 14:01:01,657:INFO:Initializing create_model()
2021-10-16 14:01:01,658:INFO:create_model(estimator=lightgbm, fold=StratifiedKFold(n_splits=10, random_state=7505, shuffle=False), round=4, cross_validation=True, predict=True, fit_kwargs={}, groups=None, refit=False, verbose=False, system=False, metrics=None, display=<pycaret.internal.Display.Display object at 0x7ffeb6f20730>, kwargs={})
2021-10-16 14:01:01,658:INFO:Checking exceptions
2021-10-16 14:01:01,660:INFO:Importing libraries
2021-10-16 14:01:01,660:INFO:Copying training dataset
2021-10-16 14:01:01,662:INFO:Defining folds
2021-10-16 14:01:01,663:INFO:Declaring metric variables
2021-10-16 14:01:01,691:INFO:Importing untrained model
2021-10-16 14:01:01,729:INFO:Light Gradient Boosting Machine Imported succesfully
2021-10-16 14:01:01,799:INFO:Starting cross validation
2021-10-16 14:01:01,801:INFO:Cross validating with StratifiedKFold(n_splits=10, random_state=7505, shuffle=False), n_jobs=-1
2021-10-16 14:01:10,183:INFO:Calculating mean and std
2021-10-16 14:01:10,186:INFO:Creating metrics dataframe
2021-10-16 14:01:10,195:INFO:Uploading results into container
2021-10-16 14:01:10,195:INFO:Uploading model into container now
2021-10-16 14:01:10,195:INFO:create_model_container: 14
2021-10-16 14:01:10,196:INFO:master_model_container: 14
2021-10-16 14:01:10,196:INFO:display_container: 2
2021-10-16 14:01:10,197:INFO:LGBMClassifier(boosting_type='gbdt', class_weight=None, colsample_bytree=1.0,
               importance_type='split', learning_rate=0.1, max_depth=-1,
               min_child_samples=20, min_child_weight=0.001, min_split_gain=0.0,
               n_estimators=100, n_jobs=-1, num_leaves=31, objective=None,
               random_state=7505, reg_alpha=0.0, reg_lambda=0.0, silent=True,
               subsample=1.0, subsample_for_bin=200000, subsample_freq=0)
2021-10-16 14:01:10,197:INFO:create_model() succesfully completed......................................
2021-10-16 14:01:10,319:INFO:SubProcess create_model() end ==================================
2021-10-16 14:01:10,319:INFO:Creating metrics dataframe
2021-10-16 14:01:10,376:INFO:Initializing CatBoost Classifier
2021-10-16 14:01:10,376:INFO:Total runtime is 0.8533853491147358 minutes
2021-10-16 14:01:10,397:INFO:SubProcess create_model() called ==================================
2021-10-16 14:01:10,398:INFO:Initializing create_model()
2021-10-16 14:01:10,398:INFO:create_model(estimator=catboost, fold=StratifiedKFold(n_splits=10, random_state=7505, shuffle=False), round=4, cross_validation=True, predict=True, fit_kwargs={}, groups=None, refit=False, verbose=False, system=False, metrics=None, display=<pycaret.internal.Display.Display object at 0x7ffeb6f20730>, kwargs={})
2021-10-16 14:01:10,398:INFO:Checking exceptions
2021-10-16 14:01:10,398:INFO:Importing libraries
2021-10-16 14:01:10,398:INFO:Copying training dataset
2021-10-16 14:01:10,400:INFO:Defining folds
2021-10-16 14:01:10,400:INFO:Declaring metric variables
2021-10-16 14:01:10,421:INFO:Importing untrained model
2021-10-16 14:01:10,436:INFO:CatBoost Classifier Imported succesfully
2021-10-16 14:01:10,482:INFO:Starting cross validation
2021-10-16 14:01:10,487:INFO:Cross validating with StratifiedKFold(n_splits=10, random_state=7505, shuffle=False), n_jobs=-1
2021-10-16 14:01:53,847:INFO:Calculating mean and std
2021-10-16 14:01:53,848:INFO:Creating metrics dataframe
2021-10-16 14:01:53,853:INFO:Uploading results into container
2021-10-16 14:01:53,853:INFO:Uploading model into container now
2021-10-16 14:01:53,853:INFO:create_model_container: 15
2021-10-16 14:01:53,854:INFO:master_model_container: 15
2021-10-16 14:01:53,854:INFO:display_container: 2
2021-10-16 14:01:53,854:INFO:<catboost.core.CatBoostClassifier object at 0x7ffeb6fc5d90>
2021-10-16 14:01:53,854:INFO:create_model() succesfully completed......................................
2021-10-16 14:01:53,938:INFO:SubProcess create_model() end ==================================
2021-10-16 14:01:53,938:INFO:Creating metrics dataframe
2021-10-16 14:01:54,018:INFO:Initializing create_model()
2021-10-16 14:01:54,019:INFO:create_model(estimator=GradientBoostingClassifier(ccp_alpha=0.0, criterion='friedman_mse', init=None,
                           learning_rate=0.1, loss='deviance', max_depth=3,
                           max_features=None, max_leaf_nodes=None,
                           min_impurity_decrease=0.0, min_impurity_split=None,
                           min_samples_leaf=1, min_samples_split=2,
                           min_weight_fraction_leaf=0.0, n_estimators=100,
                           n_iter_no_change=None, presort='deprecated',
                           random_state=7505, subsample=1.0, tol=0.0001,
                           validation_fraction=0.1, verbose=0,
                           warm_start=False), fold=StratifiedKFold(n_splits=10, random_state=7505, shuffle=False), round=4, cross_validation=False, predict=False, fit_kwargs={}, groups=None, refit=True, verbose=False, system=False, metrics=None, display=None, kwargs={})
2021-10-16 14:01:54,019:INFO:Checking exceptions
2021-10-16 14:01:54,019:INFO:Importing libraries
2021-10-16 14:01:54,020:INFO:Copying training dataset
2021-10-16 14:01:54,021:INFO:Defining folds
2021-10-16 14:01:54,021:INFO:Declaring metric variables
2021-10-16 14:01:54,021:INFO:Importing untrained model
2021-10-16 14:01:54,021:INFO:Declaring custom model
2021-10-16 14:01:54,023:INFO:Gradient Boosting Classifier Imported succesfully
2021-10-16 14:01:54,024:INFO:Cross validation set to False
2021-10-16 14:01:54,024:INFO:Fitting Model
2021-10-16 14:01:54,509:INFO:GradientBoostingClassifier(ccp_alpha=0.0, criterion='friedman_mse', init=None,
                           learning_rate=0.1, loss='deviance', max_depth=3,
                           max_features=None, max_leaf_nodes=None,
                           min_impurity_decrease=0.0, min_impurity_split=None,
                           min_samples_leaf=1, min_samples_split=2,
                           min_weight_fraction_leaf=0.0, n_estimators=100,
                           n_iter_no_change=None, presort='deprecated',
                           random_state=7505, subsample=1.0, tol=0.0001,
                           validation_fraction=0.1, verbose=0,
                           warm_start=False)
2021-10-16 14:01:54,509:INFO:create_models() succesfully completed......................................
2021-10-16 14:01:54,657:INFO:create_model_container: 15
2021-10-16 14:01:54,657:INFO:master_model_container: 15
2021-10-16 14:01:54,657:INFO:display_container: 2
2021-10-16 14:01:54,659:INFO:GradientBoostingClassifier(ccp_alpha=0.0, criterion='friedman_mse', init=None,
                           learning_rate=0.1, loss='deviance', max_depth=3,
                           max_features=None, max_leaf_nodes=None,
                           min_impurity_decrease=0.0, min_impurity_split=None,
                           min_samples_leaf=1, min_samples_split=2,
                           min_weight_fraction_leaf=0.0, n_estimators=100,
                           n_iter_no_change=None, presort='deprecated',
                           random_state=7505, subsample=1.0, tol=0.0001,
                           validation_fraction=0.1, verbose=0,
                           warm_start=False)
2021-10-16 14:01:54,659:INFO:compare_models() succesfully completed......................................
2021-10-16 14:06:32,426:INFO:Initializing create_model()
2021-10-16 14:06:32,427:INFO:create_model(estimator=gbc, fold=None, round=4, cross_validation=True, predict=True, fit_kwargs=None, groups=None, refit=True, verbose=True, system=True, metrics=None, display=None, kwargs={})
2021-10-16 14:06:32,428:INFO:Checking exceptions
2021-10-16 14:06:32,428:INFO:Preparing display monitor
2021-10-16 14:06:32,463:INFO:Importing libraries
2021-10-16 14:06:32,464:INFO:Copying training dataset
2021-10-16 14:06:32,465:INFO:Defining folds
2021-10-16 14:06:32,466:INFO:Declaring metric variables
2021-10-16 14:06:32,479:INFO:Importing untrained model
2021-10-16 14:06:32,495:INFO:Gradient Boosting Classifier Imported succesfully
2021-10-16 14:06:32,522:INFO:Starting cross validation
2021-10-16 14:06:32,524:INFO:Cross validating with StratifiedKFold(n_splits=10, random_state=7505, shuffle=False), n_jobs=-1
2021-10-16 14:06:34,724:INFO:Calculating mean and std
2021-10-16 14:06:34,725:INFO:Creating metrics dataframe
2021-10-16 14:06:34,740:INFO:Finalizing model
2021-10-16 14:06:35,265:INFO:Uploading results into container
2021-10-16 14:06:35,266:INFO:Uploading model into container now
2021-10-16 14:06:35,291:INFO:create_model_container: 16
2021-10-16 14:06:35,291:INFO:master_model_container: 16
2021-10-16 14:06:35,291:INFO:display_container: 3
2021-10-16 14:06:35,292:INFO:GradientBoostingClassifier(ccp_alpha=0.0, criterion='friedman_mse', init=None,
                           learning_rate=0.1, loss='deviance', max_depth=3,
                           max_features=None, max_leaf_nodes=None,
                           min_impurity_decrease=0.0, min_impurity_split=None,
                           min_samples_leaf=1, min_samples_split=2,
                           min_weight_fraction_leaf=0.0, n_estimators=100,
                           n_iter_no_change=None, presort='deprecated',
                           random_state=7505, subsample=1.0, tol=0.0001,
                           validation_fraction=0.1, verbose=0,
                           warm_start=False)
2021-10-16 14:06:35,293:INFO:create_model() succesfully completed......................................
2021-10-16 14:07:45,236:INFO:Initializing tune_model()
2021-10-16 14:07:45,239:INFO:tune_model(estimator=gbc, fold=None, round=4, n_iter=10, custom_grid=None, optimize=Accuracy, custom_scorer=None, search_library=scikit-learn, search_algorithm=None, early_stopping=False, early_stopping_max_iters=10, choose_better=False, fit_kwargs=None, groups=None, return_tuner=False, verbose=True, tuner_verbose=True, display=None, kwargs={})
2021-10-16 14:07:45,239:INFO:Checking exceptions
2021-10-16 16:08:50,079:INFO:Initializing create_model()
2021-10-16 16:08:50,082:INFO:create_model(estimator=lda, fold=None, round=4, cross_validation=True, predict=True, fit_kwargs=None, groups=None, refit=True, verbose=True, system=True, metrics=None, display=None, kwargs={})
2021-10-16 16:08:50,083:INFO:Checking exceptions
2021-10-16 16:08:50,085:INFO:Preparing display monitor
2021-10-16 16:08:50,200:INFO:Importing libraries
2021-10-16 16:08:50,201:INFO:Copying training dataset
2021-10-16 16:08:50,205:INFO:Defining folds
2021-10-16 16:08:50,205:INFO:Declaring metric variables
2021-10-16 16:08:50,225:INFO:Importing untrained model
2021-10-16 16:08:50,255:INFO:Linear Discriminant Analysis Imported succesfully
2021-10-16 16:08:50,290:INFO:Starting cross validation
2021-10-16 16:08:50,292:INFO:Cross validating with StratifiedKFold(n_splits=10, random_state=7505, shuffle=False), n_jobs=-1
2021-10-16 16:09:00,859:INFO:Calculating mean and std
2021-10-16 16:09:00,863:INFO:Creating metrics dataframe
2021-10-16 16:09:00,885:INFO:Finalizing model
2021-10-16 16:09:01,074:INFO:Uploading results into container
2021-10-16 16:09:01,074:INFO:Uploading model into container now
2021-10-16 16:09:01,103:INFO:create_model_container: 17
2021-10-16 16:09:01,104:INFO:master_model_container: 17
2021-10-16 16:09:01,104:INFO:display_container: 4
2021-10-16 16:09:01,105:INFO:LinearDiscriminantAnalysis(n_components=None, priors=None, shrinkage=None,
                           solver='svd', store_covariance=False, tol=0.0001)
2021-10-16 16:09:01,105:INFO:create_model() succesfully completed......................................
