2021-09-14 14:28:13,589:INFO:PyCaret Supervised Module
2021-09-14 14:28:13,591:INFO:ML Usecase: regression
2021-09-14 14:28:13,591:INFO:version 2.2.3
2021-09-14 14:28:13,591:INFO:Initializing setup()
2021-09-14 14:28:13,591:INFO:setup(target=Best_Offer, ml_usecase=regression, available_plots={'parameter': 'Hyperparameters', 'residuals': 'Residuals', 'error': 'Prediction Error', 'cooks': 'Cooks Distance', 'rfe': 'Feature Selection', 'learning': 'Learning Curve', 'manifold': 'Manifold Learning', 'vc': 'Validation Curve', 'feature': 'Feature Importance', 'feature_all': 'Feature Importance (All)', 'tree': 'Decision Tree'}, train_size=0.7, test_data=None, preprocess=True, imputation_type=simple, iterative_imputation_iters=5, categorical_features=None, categorical_imputation=constant, categorical_iterative_imputer=lightgbm, ordinal_features=None, high_cardinality_features=None, high_cardinality_method=frequency, numeric_features=None, numeric_imputation=mean, numeric_iterative_imputer=lightgbm, date_features=None, ignore_features=None, normalize=False, normalize_method=zscore, transformation=False, transformation_method=yeo-johnson, handle_unknown_categorical=True, unknown_categorical_method=least_frequent, pca=False, pca_method=linear, pca_components=None, ignore_low_variance=False, combine_rare_levels=False, rare_level_threshold=0.1, bin_numeric_features=None, remove_outliers=False, outliers_threshold=0.05, remove_multicollinearity=False, multicollinearity_threshold=0.9, remove_perfect_collinearity=True, create_clusters=False, cluster_iter=20, polynomial_features=False, polynomial_degree=2, trigonometry_features=False, polynomial_threshold=0.1, group_features=None, group_names=None, feature_selection=False, feature_selection_threshold=0.8, feature_selection_method=classic, feature_interaction=False, feature_ratio=False, interaction_threshold=0.01, fix_imbalance=False, fix_imbalance_method=None, transform_target=False, transform_target_method=box-cox, data_split_shuffle=True, data_split_stratify=False, fold_strategy=kfold, fold=10, fold_shuffle=False, fold_groups=None, n_jobs=-1, use_gpu=False, custom_pipeline=None, html=True, session_id=123, log_experiment=False, experiment_name=None, log_plots=False, log_profile=False, log_data=False, silent=False, verbose=True, profile=False, profile_kwargs=None, display=None)
2021-09-14 14:28:13,592:INFO:Checking environment
2021-09-14 14:28:13,592:INFO:python_version: 3.8.5
2021-09-14 14:28:13,592:INFO:python_build: ('default', 'Sep  4 2020 02:22:02')
2021-09-14 14:28:13,592:INFO:machine: x86_64
2021-09-14 14:28:13,623:INFO:platform: macOS-10.15.7-x86_64-i386-64bit
2021-09-14 14:28:13,624:INFO:Memory: svmem(total=8589934592, available=2926555136, percent=65.9, used=4557688832, free=134553600, active=2832535552, inactive=2790604800, wired=1725153280)
2021-09-14 14:28:13,624:INFO:Physical Core: 2
2021-09-14 14:28:13,624:INFO:Logical Core: 4
2021-09-14 14:28:13,624:INFO:Checking libraries
2021-09-14 14:28:13,624:INFO:pd==1.1.3
2021-09-14 14:28:13,624:INFO:numpy==1.19.2
2021-09-14 14:28:13,624:INFO:sklearn==0.23.2
2021-09-14 14:28:14,168:INFO:xgboost==1.3.3
2021-09-14 14:28:14,168:INFO:lightgbm==3.1.1
2021-09-14 14:28:15,148:INFO:catboost==0.24.4
2021-09-14 14:28:16,655:INFO:mlflow==1.14.0
2021-09-14 14:28:16,655:INFO:Checking Exceptions
2021-09-14 14:28:16,656:INFO:Declaring global variables
2021-09-14 14:28:16,656:INFO:USI: 36b2
2021-09-14 14:28:16,656:INFO:pycaret_globals: {'n_jobs_param', '_ml_usecase', 'create_model_container', 'log_plots_param', 'iterative_imputation_iters_param', 'html_param', 'prep_pipe', 'fold_param', 'X_test', 'USI', 'data_before_preprocess', '_internal_pipeline', 'stratify_param', 'imputation_regressor', 'display_container', 'fix_imbalance_method_param', 'fold_generator', '_gpu_n_jobs_param', 'fix_imbalance_param', 'X_train', 'exp_name_log', 'X', 'logging_param', 'fold_shuffle_param', '_all_models', 'transform_target_method_param', 'imputation_classifier', 'pycaret_globals', 'y', 'y_test', '_all_metrics', '_all_models_internal', 'master_model_container', 'gpu_param', 'y_train', 'transform_target_param', 'seed', '_available_plots', 'fold_groups_param', 'experiment__', 'target_param'}
2021-09-14 14:28:16,656:INFO:Preparing display monitor
2021-09-14 14:28:16,656:INFO:Preparing display monitor
2021-09-14 14:28:16,762:INFO:Importing libraries
2021-09-14 14:28:16,763:INFO:Copying data for preprocessing
2021-09-14 14:28:16,782:INFO:Declaring preprocessing parameters
2021-09-14 14:28:16,787:INFO:Creating preprocessing pipeline
2021-09-14 14:28:16,834:INFO:Preprocessing pipeline created successfully
2021-09-14 14:28:16,835:ERROR:(Process Exit): setup has been interupted with user command 'quit'. setup must rerun.
2021-09-14 14:28:16,835:INFO:Creating global containers
2021-09-14 14:28:16,840:INFO:Internal pipeline: Pipeline(memory=None, steps=[('empty_step', 'passthrough')], verbose=False)
2021-09-14 15:47:45,705:INFO:PyCaret Supervised Module
2021-09-14 15:47:45,706:INFO:ML Usecase: regression
2021-09-14 15:47:45,707:INFO:version 2.2.3
2021-09-14 15:47:45,707:INFO:Initializing setup()
2021-09-14 15:47:45,707:INFO:setup(target=Best_Offer, ml_usecase=regression, available_plots={'parameter': 'Hyperparameters', 'residuals': 'Residuals', 'error': 'Prediction Error', 'cooks': 'Cooks Distance', 'rfe': 'Feature Selection', 'learning': 'Learning Curve', 'manifold': 'Manifold Learning', 'vc': 'Validation Curve', 'feature': 'Feature Importance', 'feature_all': 'Feature Importance (All)', 'tree': 'Decision Tree'}, train_size=0.7, test_data=None, preprocess=True, imputation_type=simple, iterative_imputation_iters=5, categorical_features=None, categorical_imputation=constant, categorical_iterative_imputer=lightgbm, ordinal_features=None, high_cardinality_features=None, high_cardinality_method=frequency, numeric_features=None, numeric_imputation=mean, numeric_iterative_imputer=lightgbm, date_features=None, ignore_features=None, normalize=False, normalize_method=zscore, transformation=False, transformation_method=yeo-johnson, handle_unknown_categorical=True, unknown_categorical_method=least_frequent, pca=False, pca_method=linear, pca_components=None, ignore_low_variance=False, combine_rare_levels=False, rare_level_threshold=0.1, bin_numeric_features=None, remove_outliers=False, outliers_threshold=0.05, remove_multicollinearity=False, multicollinearity_threshold=0.9, remove_perfect_collinearity=True, create_clusters=False, cluster_iter=20, polynomial_features=False, polynomial_degree=2, trigonometry_features=False, polynomial_threshold=0.1, group_features=None, group_names=None, feature_selection=False, feature_selection_threshold=0.8, feature_selection_method=classic, feature_interaction=False, feature_ratio=False, interaction_threshold=0.01, fix_imbalance=False, fix_imbalance_method=None, transform_target=False, transform_target_method=box-cox, data_split_shuffle=True, data_split_stratify=False, fold_strategy=kfold, fold=10, fold_shuffle=False, fold_groups=None, n_jobs=-1, use_gpu=False, custom_pipeline=None, html=True, session_id=123, log_experiment=False, experiment_name=None, log_plots=False, log_profile=False, log_data=False, silent=False, verbose=True, profile=False, profile_kwargs=None, display=None)
2021-09-14 15:47:45,708:INFO:Checking environment
2021-09-14 15:47:45,708:INFO:python_version: 3.8.5
2021-09-14 15:47:45,708:INFO:python_build: ('default', 'Sep  4 2020 02:22:02')
2021-09-14 15:47:45,708:INFO:machine: x86_64
2021-09-14 15:47:45,708:INFO:platform: macOS-10.15.7-x86_64-i386-64bit
2021-09-14 15:47:45,708:INFO:Memory: svmem(total=8589934592, available=2877579264, percent=66.5, used=4587597824, free=131567616, active=2748952576, inactive=2737520640, wired=1838645248)
2021-09-14 15:47:45,708:INFO:Physical Core: 2
2021-09-14 15:47:45,708:INFO:Logical Core: 4
2021-09-14 15:47:45,708:INFO:Checking libraries
2021-09-14 15:47:45,709:INFO:pd==1.1.3
2021-09-14 15:47:45,709:INFO:numpy==1.19.2
2021-09-14 15:47:45,709:INFO:sklearn==0.23.2
2021-09-14 15:47:45,709:INFO:xgboost==1.3.3
2021-09-14 15:47:45,709:INFO:lightgbm==3.1.1
2021-09-14 15:47:45,709:INFO:catboost==0.24.4
2021-09-14 15:47:45,709:INFO:mlflow==1.14.0
2021-09-14 15:47:45,709:INFO:Checking Exceptions
2021-09-14 15:47:45,710:INFO:Declaring global variables
2021-09-14 15:47:45,710:INFO:USI: 1538
2021-09-14 15:47:45,710:INFO:pycaret_globals: {'n_jobs_param', '_ml_usecase', 'create_model_container', 'log_plots_param', 'iterative_imputation_iters_param', 'html_param', 'prep_pipe', 'fold_param', 'X_test', 'USI', 'data_before_preprocess', '_internal_pipeline', 'stratify_param', 'imputation_regressor', 'display_container', 'fix_imbalance_method_param', 'fold_generator', '_gpu_n_jobs_param', 'fix_imbalance_param', 'X_train', 'exp_name_log', 'X', 'logging_param', 'fold_shuffle_param', '_all_models', 'transform_target_method_param', 'imputation_classifier', 'pycaret_globals', 'y', 'y_test', '_all_metrics', '_all_models_internal', 'master_model_container', 'gpu_param', 'y_train', 'transform_target_param', 'seed', '_available_plots', 'fold_groups_param', 'experiment__', 'target_param'}
2021-09-14 15:47:45,710:INFO:Preparing display monitor
2021-09-14 15:47:45,710:INFO:Preparing display monitor
2021-09-14 15:47:45,739:INFO:Importing libraries
2021-09-14 15:47:45,739:INFO:Copying data for preprocessing
2021-09-14 15:47:45,774:INFO:Declaring preprocessing parameters
2021-09-14 15:47:45,781:INFO:Creating preprocessing pipeline
2021-09-14 15:47:45,846:INFO:Preprocessing pipeline created successfully
2021-09-14 15:47:45,846:ERROR:(Process Exit): setup has been interupted with user command 'quit'. setup must rerun.
2021-09-14 15:47:45,847:INFO:Creating global containers
2021-09-14 15:47:45,848:INFO:Internal pipeline: Pipeline(memory=None, steps=[('empty_step', 'passthrough')], verbose=False)
2021-09-14 15:48:09,927:INFO:Creating grid variables
2021-09-14 15:48:09,971:INFO:create_model_container: 0
2021-09-14 15:48:09,972:INFO:master_model_container: 0
2021-09-14 15:48:09,972:INFO:display_container: 1
2021-09-14 15:48:09,980:INFO:Pipeline(memory=None,
         steps=[('dtypes',
                 DataTypes_Auto_infer(categorical_features=[],
                                      display_types=True, features_todrop=[],
                                      id_columns=[], ml_usecase='regression',
                                      numerical_features=[],
                                      target='Best_Offer', time_features=[])),
                ('imputer',
                 Simple_Imputer(categorical_strategy='not_available',
                                fill_value_categorical=None,
                                fill_value_numerical=None,
                                numeric_strat...
                ('scaling', 'passthrough'), ('P_transform', 'passthrough'),
                ('binn', 'passthrough'), ('rem_outliers', 'passthrough'),
                ('cluster_all', 'passthrough'),
                ('dummy', Dummify(target='Best_Offer')),
                ('fix_perfect', Remove_100(target='Best_Offer')),
                ('clean_names', Clean_Colum_Names()),
                ('feature_select', 'passthrough'), ('fix_multi', 'passthrough'),
                ('dfs', 'passthrough'), ('pca', 'passthrough')],
         verbose=False)
2021-09-14 15:48:09,980:INFO:setup() succesfully completed......................................
2021-09-14 15:49:20,396:INFO:Initializing compare_models()
2021-09-14 15:49:20,396:INFO:compare_models(include=None, fold=None, round=4, cross_validation=True, sort=R2, n_select=1, budget_time=None, turbo=True, errors=ignore, fit_kwargs=None, groups=None, verbose=True, display=None, exclude=['ransac'])
2021-09-14 15:49:20,397:INFO:Checking exceptions
2021-09-14 15:49:20,397:INFO:Preparing display monitor
2021-09-14 15:49:20,397:INFO:Preparing display monitor
2021-09-14 15:49:20,480:INFO:Initializing Linear Regression
2021-09-14 15:49:20,481:INFO:Total runtime is 6.930033365885417e-06 minutes
2021-09-14 15:49:20,499:INFO:SubProcess create_model() called ==================================
2021-09-14 15:49:20,500:INFO:Initializing create_model()
2021-09-14 15:49:20,500:INFO:create_model(estimator=lr, fold=KFold(n_splits=10, random_state=123, shuffle=False), round=4, cross_validation=True, predict=True, fit_kwargs={}, groups=None, refit=False, verbose=False, system=False, metrics=None, display=<pycaret.internal.Display.Display object at 0x7fb66b165790>, kwargs={})
2021-09-14 15:49:20,501:INFO:Checking exceptions
2021-09-14 15:49:20,501:INFO:Importing libraries
2021-09-14 15:49:20,501:INFO:Copying training dataset
2021-09-14 15:49:20,554:INFO:Defining folds
2021-09-14 15:49:20,554:INFO:Declaring metric variables
2021-09-14 15:49:20,571:INFO:Importing untrained model
2021-09-14 15:49:20,615:INFO:Linear Regression Imported succesfully
2021-09-14 15:49:20,708:INFO:Starting cross validation
2021-09-14 15:49:20,728:INFO:Cross validating with KFold(n_splits=10, random_state=123, shuffle=False), n_jobs=-1
2021-09-14 15:52:58,337:INFO:Calculating mean and std
2021-09-14 15:52:58,344:INFO:Creating metrics dataframe
2021-09-14 15:52:58,358:INFO:Uploading results into container
2021-09-14 15:52:58,358:INFO:Uploading model into container now
2021-09-14 15:52:58,358:INFO:create_model_container: 1
2021-09-14 15:52:58,359:INFO:master_model_container: 1
2021-09-14 15:52:58,359:INFO:display_container: 2
2021-09-14 15:52:58,359:INFO:LinearRegression(copy_X=True, fit_intercept=True, n_jobs=-1, normalize=False)
2021-09-14 15:52:58,360:INFO:create_model() succesfully completed......................................
2021-09-14 15:52:58,480:INFO:SubProcess create_model() end ==================================
2021-09-14 15:52:58,481:INFO:Creating metrics dataframe
2021-09-14 15:52:58,500:INFO:Initializing Lasso Regression
2021-09-14 15:52:58,500:INFO:Total runtime is 3.6336603800455727 minutes
2021-09-14 15:52:58,514:INFO:SubProcess create_model() called ==================================
2021-09-14 15:52:58,514:INFO:Initializing create_model()
2021-09-14 15:52:58,514:INFO:create_model(estimator=lasso, fold=KFold(n_splits=10, random_state=123, shuffle=False), round=4, cross_validation=True, predict=True, fit_kwargs={}, groups=None, refit=False, verbose=False, system=False, metrics=None, display=<pycaret.internal.Display.Display object at 0x7fb66b165790>, kwargs={})
2021-09-14 15:52:58,514:INFO:Checking exceptions
2021-09-14 15:52:58,515:INFO:Importing libraries
2021-09-14 15:52:58,515:INFO:Copying training dataset
2021-09-14 15:52:58,604:INFO:Defining folds
2021-09-14 15:52:58,604:INFO:Declaring metric variables
2021-09-14 15:52:58,614:INFO:Importing untrained model
2021-09-14 15:52:58,626:INFO:Lasso Regression Imported succesfully
2021-09-14 15:52:58,655:INFO:Starting cross validation
2021-09-14 15:52:58,656:INFO:Cross validating with KFold(n_splits=10, random_state=123, shuffle=False), n_jobs=-1
2021-09-14 15:53:01,902:INFO:Calculating mean and std
2021-09-14 15:53:01,906:INFO:Creating metrics dataframe
2021-09-14 15:53:01,915:INFO:Uploading results into container
2021-09-14 15:53:01,915:INFO:Uploading model into container now
2021-09-14 15:53:01,916:INFO:create_model_container: 2
2021-09-14 15:53:01,916:INFO:master_model_container: 2
2021-09-14 15:53:01,916:INFO:display_container: 2
2021-09-14 15:53:01,917:INFO:Lasso(alpha=1.0, copy_X=True, fit_intercept=True, max_iter=1000,
      normalize=False, positive=False, precompute=False, random_state=123,
      selection='cyclic', tol=0.0001, warm_start=False)
2021-09-14 15:53:01,917:INFO:create_model() succesfully completed......................................
2021-09-14 15:53:02,004:INFO:SubProcess create_model() end ==================================
2021-09-14 15:53:02,005:INFO:Creating metrics dataframe
2021-09-14 15:53:02,027:INFO:Initializing Ridge Regression
2021-09-14 15:53:02,027:INFO:Total runtime is 3.6924484491348264 minutes
2021-09-14 15:53:02,043:INFO:SubProcess create_model() called ==================================
2021-09-14 15:53:02,044:INFO:Initializing create_model()
2021-09-14 15:53:02,044:INFO:create_model(estimator=ridge, fold=KFold(n_splits=10, random_state=123, shuffle=False), round=4, cross_validation=True, predict=True, fit_kwargs={}, groups=None, refit=False, verbose=False, system=False, metrics=None, display=<pycaret.internal.Display.Display object at 0x7fb66b165790>, kwargs={})
2021-09-14 15:53:02,044:INFO:Checking exceptions
2021-09-14 15:53:02,045:INFO:Importing libraries
2021-09-14 15:53:02,045:INFO:Copying training dataset
2021-09-14 15:53:02,064:INFO:Defining folds
2021-09-14 15:53:02,064:INFO:Declaring metric variables
2021-09-14 15:53:02,078:INFO:Importing untrained model
2021-09-14 15:53:02,092:INFO:Ridge Regression Imported succesfully
2021-09-14 15:53:02,124:INFO:Starting cross validation
2021-09-14 15:53:02,125:INFO:Cross validating with KFold(n_splits=10, random_state=123, shuffle=False), n_jobs=-1
2021-09-14 15:56:08,533:INFO:Calculating mean and std
2021-09-14 15:56:08,546:INFO:Creating metrics dataframe
2021-09-14 15:56:08,560:INFO:Uploading results into container
2021-09-14 15:56:08,560:INFO:Uploading model into container now
2021-09-14 15:56:08,561:INFO:create_model_container: 3
2021-09-14 15:56:08,561:INFO:master_model_container: 3
2021-09-14 15:56:08,561:INFO:display_container: 2
2021-09-14 15:56:08,562:INFO:Ridge(alpha=1.0, copy_X=True, fit_intercept=True, max_iter=None,
      normalize=False, random_state=123, solver='auto', tol=0.001)
2021-09-14 15:56:08,563:INFO:create_model() succesfully completed......................................
2021-09-14 15:56:08,827:INFO:SubProcess create_model() end ==================================
2021-09-14 15:56:08,827:INFO:Creating metrics dataframe
2021-09-14 15:56:08,852:INFO:Initializing Elastic Net
2021-09-14 15:56:08,852:INFO:Total runtime is 6.806203067302704 minutes
2021-09-14 15:56:08,867:INFO:SubProcess create_model() called ==================================
2021-09-14 15:56:08,867:INFO:Initializing create_model()
2021-09-14 15:56:08,868:INFO:create_model(estimator=en, fold=KFold(n_splits=10, random_state=123, shuffle=False), round=4, cross_validation=True, predict=True, fit_kwargs={}, groups=None, refit=False, verbose=False, system=False, metrics=None, display=<pycaret.internal.Display.Display object at 0x7fb66b165790>, kwargs={})
2021-09-14 15:56:08,868:INFO:Checking exceptions
2021-09-14 15:56:08,868:INFO:Importing libraries
2021-09-14 15:56:08,868:INFO:Copying training dataset
2021-09-14 15:56:08,913:INFO:Defining folds
2021-09-14 15:56:08,913:INFO:Declaring metric variables
2021-09-14 15:56:08,924:INFO:Importing untrained model
2021-09-14 15:56:08,936:INFO:Elastic Net Imported succesfully
2021-09-14 15:56:08,962:INFO:Starting cross validation
2021-09-14 15:56:08,963:INFO:Cross validating with KFold(n_splits=10, random_state=123, shuffle=False), n_jobs=-1
2021-09-14 15:56:13,330:INFO:Calculating mean and std
2021-09-14 15:56:13,333:INFO:Creating metrics dataframe
2021-09-14 15:56:13,341:INFO:Uploading results into container
2021-09-14 15:56:13,342:INFO:Uploading model into container now
2021-09-14 15:56:13,342:INFO:create_model_container: 4
2021-09-14 15:56:13,342:INFO:master_model_container: 4
2021-09-14 15:56:13,342:INFO:display_container: 2
2021-09-14 15:56:13,343:INFO:ElasticNet(alpha=1.0, copy_X=True, fit_intercept=True, l1_ratio=0.5,
           max_iter=1000, normalize=False, positive=False, precompute=False,
           random_state=123, selection='cyclic', tol=0.0001, warm_start=False)
2021-09-14 15:56:13,343:INFO:create_model() succesfully completed......................................
2021-09-14 15:56:13,441:INFO:SubProcess create_model() end ==================================
2021-09-14 15:56:13,442:INFO:Creating metrics dataframe
2021-09-14 15:56:13,465:INFO:Initializing Least Angle Regression
2021-09-14 15:56:13,466:INFO:Total runtime is 6.883090130488077 minutes
2021-09-14 15:56:13,480:INFO:SubProcess create_model() called ==================================
2021-09-14 15:56:13,480:INFO:Initializing create_model()
2021-09-14 15:56:13,480:INFO:create_model(estimator=lar, fold=KFold(n_splits=10, random_state=123, shuffle=False), round=4, cross_validation=True, predict=True, fit_kwargs={}, groups=None, refit=False, verbose=False, system=False, metrics=None, display=<pycaret.internal.Display.Display object at 0x7fb66b165790>, kwargs={})
2021-09-14 15:56:13,481:INFO:Checking exceptions
2021-09-14 15:56:13,481:INFO:Importing libraries
2021-09-14 15:56:13,481:INFO:Copying training dataset
2021-09-14 15:56:13,500:INFO:Defining folds
2021-09-14 15:56:13,500:INFO:Declaring metric variables
2021-09-14 15:56:13,512:INFO:Importing untrained model
2021-09-14 15:56:13,525:INFO:Least Angle Regression Imported succesfully
2021-09-14 15:56:13,560:INFO:Starting cross validation
2021-09-14 15:56:13,561:INFO:Cross validating with KFold(n_splits=10, random_state=123, shuffle=False), n_jobs=-1
2021-09-14 15:56:56,462:INFO:Calculating mean and std
2021-09-14 15:56:56,465:INFO:Creating metrics dataframe
2021-09-14 15:56:56,475:INFO:Uploading results into container
2021-09-14 15:56:56,475:INFO:Uploading model into container now
2021-09-14 15:56:56,475:INFO:create_model_container: 5
2021-09-14 15:56:56,476:INFO:master_model_container: 5
2021-09-14 15:56:56,476:INFO:display_container: 2
2021-09-14 15:56:56,477:INFO:Lars(copy_X=True, eps=2.220446049250313e-16, fit_intercept=True, fit_path=True,
     jitter=None, n_nonzero_coefs=500, normalize=True, precompute='auto',
     random_state=123, verbose=False)
2021-09-14 15:56:56,477:INFO:create_model() succesfully completed......................................
2021-09-14 15:56:56,576:INFO:SubProcess create_model() end ==================================
2021-09-14 15:56:56,576:INFO:Creating metrics dataframe
2021-09-14 15:56:56,602:INFO:Initializing Lasso Least Angle Regression
2021-09-14 15:56:56,603:INFO:Total runtime is 7.60203849474589 minutes
2021-09-14 15:56:56,617:INFO:SubProcess create_model() called ==================================
2021-09-14 15:56:56,618:INFO:Initializing create_model()
2021-09-14 15:56:56,618:INFO:create_model(estimator=llar, fold=KFold(n_splits=10, random_state=123, shuffle=False), round=4, cross_validation=True, predict=True, fit_kwargs={}, groups=None, refit=False, verbose=False, system=False, metrics=None, display=<pycaret.internal.Display.Display object at 0x7fb66b165790>, kwargs={})
2021-09-14 15:56:56,619:INFO:Checking exceptions
2021-09-14 15:56:56,619:INFO:Importing libraries
2021-09-14 15:56:56,620:INFO:Copying training dataset
2021-09-14 15:56:56,641:INFO:Defining folds
2021-09-14 15:56:56,641:INFO:Declaring metric variables
2021-09-14 15:56:56,652:INFO:Importing untrained model
2021-09-14 15:56:56,665:INFO:Lasso Least Angle Regression Imported succesfully
2021-09-14 15:56:56,688:INFO:Starting cross validation
2021-09-14 15:56:56,689:INFO:Cross validating with KFold(n_splits=10, random_state=123, shuffle=False), n_jobs=-1
2021-09-14 15:56:59,176:INFO:Calculating mean and std
2021-09-14 15:56:59,178:INFO:Creating metrics dataframe
2021-09-14 15:56:59,187:INFO:Uploading results into container
2021-09-14 15:56:59,187:INFO:Uploading model into container now
2021-09-14 15:56:59,187:INFO:create_model_container: 6
2021-09-14 15:56:59,188:INFO:master_model_container: 6
2021-09-14 15:56:59,188:INFO:display_container: 2
2021-09-14 15:56:59,189:INFO:LassoLars(alpha=1.0, copy_X=True, eps=2.220446049250313e-16, fit_intercept=True,
          fit_path=True, jitter=None, max_iter=500, normalize=True,
          positive=False, precompute='auto', random_state=123, verbose=False)
2021-09-14 15:56:59,189:INFO:create_model() succesfully completed......................................
2021-09-14 15:56:59,272:INFO:SubProcess create_model() end ==================================
2021-09-14 15:56:59,273:INFO:Creating metrics dataframe
2021-09-14 15:56:59,294:INFO:Initializing Orthogonal Matching Pursuit
2021-09-14 15:56:59,295:INFO:Total runtime is 7.64690978527069 minutes
2021-09-14 15:56:59,307:INFO:SubProcess create_model() called ==================================
2021-09-14 15:56:59,308:INFO:Initializing create_model()
2021-09-14 15:56:59,308:INFO:create_model(estimator=omp, fold=KFold(n_splits=10, random_state=123, shuffle=False), round=4, cross_validation=True, predict=True, fit_kwargs={}, groups=None, refit=False, verbose=False, system=False, metrics=None, display=<pycaret.internal.Display.Display object at 0x7fb66b165790>, kwargs={})
2021-09-14 15:56:59,308:INFO:Checking exceptions
2021-09-14 15:56:59,309:INFO:Importing libraries
2021-09-14 15:56:59,309:INFO:Copying training dataset
2021-09-14 15:56:59,327:INFO:Defining folds
2021-09-14 15:56:59,327:INFO:Declaring metric variables
2021-09-14 15:56:59,338:INFO:Importing untrained model
2021-09-14 15:56:59,349:INFO:Orthogonal Matching Pursuit Imported succesfully
2021-09-14 15:56:59,372:INFO:Starting cross validation
2021-09-14 15:56:59,372:INFO:Cross validating with KFold(n_splits=10, random_state=123, shuffle=False), n_jobs=-1
2021-09-14 15:57:36,744:INFO:Calculating mean and std
2021-09-14 15:57:36,748:INFO:Creating metrics dataframe
2021-09-14 15:57:36,758:INFO:Uploading results into container
2021-09-14 15:57:36,758:INFO:Uploading model into container now
2021-09-14 15:57:36,758:INFO:create_model_container: 7
2021-09-14 15:57:36,759:INFO:master_model_container: 7
2021-09-14 15:57:36,759:INFO:display_container: 2
2021-09-14 15:57:36,760:INFO:OrthogonalMatchingPursuit(fit_intercept=True, n_nonzero_coefs=None,
                          normalize=True, precompute='auto', tol=None)
2021-09-14 15:57:36,760:INFO:create_model() succesfully completed......................................
2021-09-14 15:57:36,855:INFO:SubProcess create_model() end ==================================
2021-09-14 15:57:36,855:INFO:Creating metrics dataframe
2021-09-14 15:57:36,886:INFO:Initializing Bayesian Ridge
2021-09-14 15:57:36,886:INFO:Total runtime is 8.273426115512848 minutes
2021-09-14 15:57:36,906:INFO:SubProcess create_model() called ==================================
2021-09-14 15:57:36,907:INFO:Initializing create_model()
2021-09-14 15:57:36,907:INFO:create_model(estimator=br, fold=KFold(n_splits=10, random_state=123, shuffle=False), round=4, cross_validation=True, predict=True, fit_kwargs={}, groups=None, refit=False, verbose=False, system=False, metrics=None, display=<pycaret.internal.Display.Display object at 0x7fb66b165790>, kwargs={})
2021-09-14 15:57:36,907:INFO:Checking exceptions
2021-09-14 15:57:36,907:INFO:Importing libraries
2021-09-14 15:57:36,907:INFO:Copying training dataset
2021-09-14 15:57:36,934:INFO:Defining folds
2021-09-14 15:57:36,934:INFO:Declaring metric variables
2021-09-14 15:57:36,944:INFO:Importing untrained model
2021-09-14 15:57:36,958:INFO:Bayesian Ridge Imported succesfully
2021-09-14 15:57:36,985:INFO:Starting cross validation
2021-09-14 15:57:36,986:INFO:Cross validating with KFold(n_splits=10, random_state=123, shuffle=False), n_jobs=-1
