2021-04-14 07:33:40,802:INFO:PyCaret Supervised Module
2021-04-14 07:33:40,803:INFO:ML Usecase: classification
2021-04-14 07:33:40,803:INFO:version 2.2.3
2021-04-14 07:33:40,803:INFO:Initializing setup()
2021-04-14 07:33:40,803:INFO:setup(target=Purchased, ml_usecase=classification, available_plots={'parameter': 'Hyperparameters', 'auc': 'AUC', 'confusion_matrix': 'Confusion Matrix', 'threshold': 'Threshold', 'pr': 'Precision Recall', 'error': 'Prediction Error', 'class_report': 'Class Report', 'rfe': 'Feature Selection', 'learning': 'Learning Curve', 'manifold': 'Manifold Learning', 'calibration': 'Calibration Curve', 'vc': 'Validation Curve', 'dimension': 'Dimensions', 'feature': 'Feature Importance', 'feature_all': 'Feature Importance (All)', 'boundary': 'Decision Boundary', 'lift': 'Lift Chart', 'gain': 'Gain Chart', 'tree': 'Decision Tree'}, train_size=0.7, test_data=None, preprocess=True, imputation_type=simple, iterative_imputation_iters=5, categorical_features=None, categorical_imputation=constant, categorical_iterative_imputer=lightgbm, ordinal_features=None, high_cardinality_features=None, high_cardinality_method=frequency, numeric_features=None, numeric_imputation=mean, numeric_iterative_imputer=lightgbm, date_features=None, ignore_features=None, normalize=False, normalize_method=zscore, transformation=False, transformation_method=yeo-johnson, handle_unknown_categorical=True, unknown_categorical_method=least_frequent, pca=False, pca_method=linear, pca_components=None, ignore_low_variance=False, combine_rare_levels=False, rare_level_threshold=0.1, bin_numeric_features=None, remove_outliers=False, outliers_threshold=0.05, remove_multicollinearity=False, multicollinearity_threshold=0.9, remove_perfect_collinearity=True, create_clusters=False, cluster_iter=20, polynomial_features=False, polynomial_degree=2, trigonometry_features=False, polynomial_threshold=0.1, group_features=None, group_names=None, feature_selection=False, feature_selection_threshold=0.8, feature_selection_method=classic, feature_interaction=False, feature_ratio=False, interaction_threshold=0.01, fix_imbalance=False, fix_imbalance_method=None, transform_target=False, transform_target_method=box-cox, data_split_shuffle=True, data_split_stratify=False, fold_strategy=stratifiedkfold, fold=10, fold_shuffle=False, fold_groups=None, n_jobs=-1, use_gpu=False, custom_pipeline=None, html=True, session_id=None, log_experiment=False, experiment_name=None, log_plots=False, log_profile=False, log_data=False, silent=False, verbose=True, profile=False, profile_kwargs=None, display=None)
2021-04-14 07:33:40,803:INFO:Checking environment
2021-04-14 07:33:40,803:INFO:python_version: 3.8.5
2021-04-14 07:33:40,803:INFO:python_build: ('default', 'Sep  4 2020 02:22:02')
2021-04-14 07:33:40,803:INFO:machine: x86_64
2021-04-14 07:33:40,826:INFO:platform: macOS-10.15.7-x86_64-i386-64bit
2021-04-14 07:33:40,827:INFO:Memory: svmem(total=8589934592, available=3125469184, percent=63.6, used=4585791488, free=17993728, active=3107164160, inactive=2971324416, wired=1478627328)
2021-04-14 07:33:40,827:INFO:Physical Core: 2
2021-04-14 07:33:40,827:INFO:Logical Core: 4
2021-04-14 07:33:40,827:INFO:Checking libraries
2021-04-14 07:33:40,827:INFO:pd==1.1.3
2021-04-14 07:33:40,827:INFO:numpy==1.19.2
2021-04-14 07:33:40,828:INFO:sklearn==0.23.2
2021-04-14 07:33:41,336:INFO:xgboost==1.3.3
2021-04-14 07:33:41,337:INFO:lightgbm==3.1.1
2021-04-14 07:33:42,236:INFO:catboost==0.24.4
2021-04-14 07:33:43,198:INFO:mlflow==1.14.0
2021-04-14 07:33:43,198:INFO:Checking Exceptions
2021-04-14 07:33:43,199:INFO:Declaring global variables
2021-04-14 07:33:43,199:INFO:USI: c6a5
2021-04-14 07:33:43,199:INFO:pycaret_globals: {'imputation_classifier', 'transform_target_method_param', '_all_models', 'stratify_param', 'y_train', 'prep_pipe', 'experiment__', 'fold_shuffle_param', 'display_container', 'html_param', '_internal_pipeline', 'X', 'y', 'X_test', 'fold_generator', 'exp_name_log', 'fix_imbalance_method_param', 'USI', 'y_test', 'fold_groups_param', 'create_model_container', 'fix_imbalance_param', 'logging_param', 'n_jobs_param', 'X_train', '_all_models_internal', '_gpu_n_jobs_param', 'data_before_preprocess', 'log_plots_param', 'seed', 'iterative_imputation_iters_param', 'imputation_regressor', 'pycaret_globals', 'master_model_container', '_all_metrics', '_available_plots', 'transform_target_param', '_ml_usecase', 'gpu_param', 'target_param', 'fold_param'}
2021-04-14 07:33:43,200:INFO:Preparing display monitor
2021-04-14 07:33:43,200:INFO:Preparing display monitor
2021-04-14 07:33:43,230:INFO:Importing libraries
2021-04-14 07:33:43,231:INFO:Copying data for preprocessing
2021-04-14 07:33:43,336:INFO:Declaring preprocessing parameters
2021-04-14 07:33:43,342:INFO:Creating preprocessing pipeline
2021-04-14 07:33:43,406:INFO:Preprocessing pipeline created successfully
2021-04-14 07:33:43,406:ERROR:(Process Exit): setup has been interupted with user command 'quit'. setup must rerun.
2021-04-14 07:33:43,406:INFO:Creating global containers
2021-04-14 07:33:43,409:INFO:Internal pipeline: Pipeline(memory=None, steps=[('empty_step', 'passthrough')], verbose=False)
2021-04-14 07:33:47,977:INFO:Creating grid variables
2021-04-14 07:33:48,011:INFO:create_model_container: 0
2021-04-14 07:33:48,011:INFO:master_model_container: 0
2021-04-14 07:33:48,012:INFO:display_container: 1
2021-04-14 07:33:48,022:INFO:Pipeline(memory=None,
         steps=[('dtypes',
                 DataTypes_Auto_infer(categorical_features=[],
                                      display_types=True, features_todrop=[],
                                      id_columns=[],
                                      ml_usecase='classification',
                                      numerical_features=[], target='Purchased',
                                      time_features=[])),
                ('imputer',
                 Simple_Imputer(categorical_strategy='not_available',
                                fill_value_categorical=None,
                                fill_value_numerical=None,
                                numeric_st...
                ('scaling', 'passthrough'), ('P_transform', 'passthrough'),
                ('binn', 'passthrough'), ('rem_outliers', 'passthrough'),
                ('cluster_all', 'passthrough'),
                ('dummy', Dummify(target='Purchased')),
                ('fix_perfect', Remove_100(target='Purchased')),
                ('clean_names', Clean_Colum_Names()),
                ('feature_select', 'passthrough'), ('fix_multi', 'passthrough'),
                ('dfs', 'passthrough'), ('pca', 'passthrough')],
         verbose=False)
2021-04-14 07:33:48,022:INFO:setup() succesfully completed......................................
2021-04-14 07:34:32,403:INFO:Initializing compare_models()
2021-04-14 07:34:32,408:INFO:compare_models(include=None, fold=None, round=4, cross_validation=True, sort=Accuracy, n_select=1, budget_time=None, turbo=True, errors=ignore, fit_kwargs=None, groups=None, verbose=True, display=None, exclude=None)
2021-04-14 07:34:32,408:INFO:Checking exceptions
2021-04-14 07:34:32,413:INFO:Preparing display monitor
2021-04-14 07:34:32,413:INFO:Preparing display monitor
2021-04-14 07:34:32,486:INFO:Initializing Logistic Regression
2021-04-14 07:34:32,486:INFO:Total runtime is 4.049142201741537e-06 minutes
2021-04-14 07:34:32,503:INFO:SubProcess create_model() called ==================================
2021-04-14 07:34:32,504:INFO:Initializing create_model()
2021-04-14 07:34:32,505:INFO:create_model(estimator=lr, fold=StratifiedKFold(n_splits=10, random_state=2638, shuffle=False), round=4, cross_validation=True, predict=True, fit_kwargs={}, groups=None, refit=False, verbose=False, system=False, metrics=None, display=<pycaret.internal.Display.Display object at 0x7ff5384e6e80>, kwargs={})
2021-04-14 07:34:32,505:INFO:Checking exceptions
2021-04-14 07:34:32,505:INFO:Importing libraries
2021-04-14 07:34:32,505:INFO:Copying training dataset
2021-04-14 07:34:32,507:INFO:Defining folds
2021-04-14 07:34:32,507:INFO:Declaring metric variables
2021-04-14 07:34:32,527:INFO:Importing untrained model
2021-04-14 07:34:32,550:INFO:Logistic Regression Imported succesfully
2021-04-14 07:34:32,600:INFO:Starting cross validation
2021-04-14 07:34:32,601:INFO:Cross validating with StratifiedKFold(n_splits=10, random_state=2638, shuffle=False), n_jobs=-1
2021-04-14 07:34:39,917:INFO:Calculating mean and std
2021-04-14 07:34:39,921:INFO:Creating metrics dataframe
2021-04-14 07:34:39,930:INFO:Uploading results into container
2021-04-14 07:34:39,930:INFO:Uploading model into container now
2021-04-14 07:34:39,930:INFO:create_model_container: 1
2021-04-14 07:34:39,930:INFO:master_model_container: 1
2021-04-14 07:34:39,930:INFO:display_container: 2
2021-04-14 07:34:39,931:INFO:LogisticRegression(C=1.0, class_weight=None, dual=False, fit_intercept=True,
                   intercept_scaling=1, l1_ratio=None, max_iter=1000,
                   multi_class='auto', n_jobs=None, penalty='l2',
                   random_state=2638, solver='lbfgs', tol=0.0001, verbose=0,
                   warm_start=False)
2021-04-14 07:34:39,931:INFO:create_model() succesfully completed......................................
2021-04-14 07:34:40,029:INFO:SubProcess create_model() end ==================================
2021-04-14 07:34:40,029:INFO:Creating metrics dataframe
2021-04-14 07:34:40,051:INFO:Initializing K Neighbors Classifier
2021-04-14 07:34:40,052:INFO:Total runtime is 0.12609669764836628 minutes
2021-04-14 07:34:40,075:INFO:SubProcess create_model() called ==================================
2021-04-14 07:34:40,076:INFO:Initializing create_model()
2021-04-14 07:34:40,077:INFO:create_model(estimator=knn, fold=StratifiedKFold(n_splits=10, random_state=2638, shuffle=False), round=4, cross_validation=True, predict=True, fit_kwargs={}, groups=None, refit=False, verbose=False, system=False, metrics=None, display=<pycaret.internal.Display.Display object at 0x7ff5384e6e80>, kwargs={})
2021-04-14 07:34:40,077:INFO:Checking exceptions
2021-04-14 07:34:40,077:INFO:Importing libraries
2021-04-14 07:34:40,077:INFO:Copying training dataset
2021-04-14 07:34:40,078:INFO:Defining folds
2021-04-14 07:34:40,079:INFO:Declaring metric variables
2021-04-14 07:34:40,112:INFO:Importing untrained model
2021-04-14 07:34:40,137:INFO:K Neighbors Classifier Imported succesfully
2021-04-14 07:34:40,215:INFO:Starting cross validation
2021-04-14 07:34:40,217:INFO:Cross validating with StratifiedKFold(n_splits=10, random_state=2638, shuffle=False), n_jobs=-1
2021-04-14 07:34:40,539:INFO:Calculating mean and std
2021-04-14 07:34:40,540:INFO:Creating metrics dataframe
2021-04-14 07:34:40,546:INFO:Uploading results into container
2021-04-14 07:34:40,546:INFO:Uploading model into container now
2021-04-14 07:34:40,546:INFO:create_model_container: 2
2021-04-14 07:34:40,546:INFO:master_model_container: 2
2021-04-14 07:34:40,546:INFO:display_container: 2
2021-04-14 07:34:40,547:INFO:KNeighborsClassifier(algorithm='auto', leaf_size=30, metric='minkowski',
                     metric_params=None, n_jobs=-1, n_neighbors=5, p=2,
                     weights='uniform')
2021-04-14 07:34:40,547:INFO:create_model() succesfully completed......................................
2021-04-14 07:34:40,623:INFO:SubProcess create_model() end ==================================
2021-04-14 07:34:40,623:INFO:Creating metrics dataframe
2021-04-14 07:34:40,645:INFO:Initializing Naive Bayes
2021-04-14 07:34:40,646:INFO:Total runtime is 0.13599913120269774 minutes
2021-04-14 07:34:40,666:INFO:SubProcess create_model() called ==================================
2021-04-14 07:34:40,667:INFO:Initializing create_model()
2021-04-14 07:34:40,667:INFO:create_model(estimator=nb, fold=StratifiedKFold(n_splits=10, random_state=2638, shuffle=False), round=4, cross_validation=True, predict=True, fit_kwargs={}, groups=None, refit=False, verbose=False, system=False, metrics=None, display=<pycaret.internal.Display.Display object at 0x7ff5384e6e80>, kwargs={})
2021-04-14 07:34:40,668:INFO:Checking exceptions
2021-04-14 07:34:40,668:INFO:Importing libraries
2021-04-14 07:34:40,668:INFO:Copying training dataset
2021-04-14 07:34:40,669:INFO:Defining folds
2021-04-14 07:34:40,670:INFO:Declaring metric variables
2021-04-14 07:34:40,686:INFO:Importing untrained model
2021-04-14 07:34:40,708:INFO:Naive Bayes Imported succesfully
2021-04-14 07:34:40,752:INFO:Starting cross validation
2021-04-14 07:34:40,753:INFO:Cross validating with StratifiedKFold(n_splits=10, random_state=2638, shuffle=False), n_jobs=-1
2021-04-14 07:34:40,870:INFO:Calculating mean and std
2021-04-14 07:34:40,871:INFO:Creating metrics dataframe
2021-04-14 07:34:40,877:INFO:Uploading results into container
2021-04-14 07:34:40,877:INFO:Uploading model into container now
2021-04-14 07:34:40,877:INFO:create_model_container: 3
2021-04-14 07:34:40,877:INFO:master_model_container: 3
2021-04-14 07:34:40,877:INFO:display_container: 2
2021-04-14 07:34:40,878:INFO:GaussianNB(priors=None, var_smoothing=1e-09)
2021-04-14 07:34:40,878:INFO:create_model() succesfully completed......................................
2021-04-14 07:34:40,954:INFO:SubProcess create_model() end ==================================
2021-04-14 07:34:40,954:INFO:Creating metrics dataframe
2021-04-14 07:34:40,978:INFO:Initializing Decision Tree Classifier
2021-04-14 07:34:40,978:INFO:Total runtime is 0.14153376817703245 minutes
2021-04-14 07:34:41,004:INFO:SubProcess create_model() called ==================================
2021-04-14 07:34:41,004:INFO:Initializing create_model()
2021-04-14 07:34:41,004:INFO:create_model(estimator=dt, fold=StratifiedKFold(n_splits=10, random_state=2638, shuffle=False), round=4, cross_validation=True, predict=True, fit_kwargs={}, groups=None, refit=False, verbose=False, system=False, metrics=None, display=<pycaret.internal.Display.Display object at 0x7ff5384e6e80>, kwargs={})
2021-04-14 07:34:41,005:INFO:Checking exceptions
2021-04-14 07:34:41,005:INFO:Importing libraries
2021-04-14 07:34:41,005:INFO:Copying training dataset
2021-04-14 07:34:41,011:INFO:Defining folds
2021-04-14 07:34:41,014:INFO:Declaring metric variables
2021-04-14 07:34:41,031:INFO:Importing untrained model
2021-04-14 07:34:41,051:INFO:Decision Tree Classifier Imported succesfully
2021-04-14 07:34:41,088:INFO:Starting cross validation
2021-04-14 07:34:41,094:INFO:Cross validating with StratifiedKFold(n_splits=10, random_state=2638, shuffle=False), n_jobs=-1
2021-04-14 07:34:41,222:INFO:Calculating mean and std
2021-04-14 07:34:41,223:INFO:Creating metrics dataframe
2021-04-14 07:34:41,230:INFO:Uploading results into container
2021-04-14 07:34:41,230:INFO:Uploading model into container now
2021-04-14 07:34:41,230:INFO:create_model_container: 4
2021-04-14 07:34:41,230:INFO:master_model_container: 4
2021-04-14 07:34:41,230:INFO:display_container: 2
2021-04-14 07:34:41,231:INFO:DecisionTreeClassifier(ccp_alpha=0.0, class_weight=None, criterion='gini',
                       max_depth=None, max_features=None, max_leaf_nodes=None,
                       min_impurity_decrease=0.0, min_impurity_split=None,
                       min_samples_leaf=1, min_samples_split=2,
                       min_weight_fraction_leaf=0.0, presort='deprecated',
                       random_state=2638, splitter='best')
2021-04-14 07:34:41,231:INFO:create_model() succesfully completed......................................
2021-04-14 07:34:41,310:INFO:SubProcess create_model() end ==================================
2021-04-14 07:34:41,310:INFO:Creating metrics dataframe
2021-04-14 07:34:41,333:INFO:Initializing SVM - Linear Kernel
2021-04-14 07:34:41,333:INFO:Total runtime is 0.14745794932047523 minutes
2021-04-14 07:34:41,355:INFO:SubProcess create_model() called ==================================
2021-04-14 07:34:41,356:INFO:Initializing create_model()
2021-04-14 07:34:41,366:INFO:create_model(estimator=svm, fold=StratifiedKFold(n_splits=10, random_state=2638, shuffle=False), round=4, cross_validation=True, predict=True, fit_kwargs={}, groups=None, refit=False, verbose=False, system=False, metrics=None, display=<pycaret.internal.Display.Display object at 0x7ff5384e6e80>, kwargs={})
2021-04-14 07:34:41,366:INFO:Checking exceptions
2021-04-14 07:34:41,366:INFO:Importing libraries
2021-04-14 07:34:41,366:INFO:Copying training dataset
2021-04-14 07:34:41,367:INFO:Defining folds
2021-04-14 07:34:41,368:INFO:Declaring metric variables
2021-04-14 07:34:41,387:INFO:Importing untrained model
2021-04-14 07:34:41,406:INFO:SVM - Linear Kernel Imported succesfully
2021-04-14 07:34:41,449:INFO:Starting cross validation
2021-04-14 07:34:41,450:INFO:Cross validating with StratifiedKFold(n_splits=10, random_state=2638, shuffle=False), n_jobs=-1
2021-04-14 07:34:41,578:INFO:Calculating mean and std
2021-04-14 07:34:41,579:INFO:Creating metrics dataframe
2021-04-14 07:34:41,585:INFO:Uploading results into container
2021-04-14 07:34:41,586:INFO:Uploading model into container now
2021-04-14 07:34:41,586:INFO:create_model_container: 5
2021-04-14 07:34:41,586:INFO:master_model_container: 5
2021-04-14 07:34:41,586:INFO:display_container: 2
2021-04-14 07:34:41,587:INFO:SGDClassifier(alpha=0.0001, average=False, class_weight=None,
              early_stopping=False, epsilon=0.1, eta0=0.001, fit_intercept=True,
              l1_ratio=0.15, learning_rate='optimal', loss='hinge',
              max_iter=1000, n_iter_no_change=5, n_jobs=-1, penalty='l2',
              power_t=0.5, random_state=2638, shuffle=True, tol=0.001,
              validation_fraction=0.1, verbose=0, warm_start=False)
2021-04-14 07:34:41,587:INFO:create_model() succesfully completed......................................
2021-04-14 07:34:41,662:INFO:SubProcess create_model() end ==================================
2021-04-14 07:34:41,662:INFO:Creating metrics dataframe
2021-04-14 07:34:41,686:INFO:Initializing Ridge Classifier
2021-04-14 07:34:41,687:INFO:Total runtime is 0.1533482472101847 minutes
2021-04-14 07:34:41,719:INFO:SubProcess create_model() called ==================================
2021-04-14 07:34:41,719:INFO:Initializing create_model()
2021-04-14 07:34:41,719:INFO:create_model(estimator=ridge, fold=StratifiedKFold(n_splits=10, random_state=2638, shuffle=False), round=4, cross_validation=True, predict=True, fit_kwargs={}, groups=None, refit=False, verbose=False, system=False, metrics=None, display=<pycaret.internal.Display.Display object at 0x7ff5384e6e80>, kwargs={})
2021-04-14 07:34:41,719:INFO:Checking exceptions
2021-04-14 07:34:41,720:INFO:Importing libraries
2021-04-14 07:34:41,720:INFO:Copying training dataset
2021-04-14 07:34:41,725:INFO:Defining folds
2021-04-14 07:34:41,725:INFO:Declaring metric variables
2021-04-14 07:34:41,743:INFO:Importing untrained model
2021-04-14 07:34:41,767:INFO:Ridge Classifier Imported succesfully
2021-04-14 07:34:41,814:INFO:Starting cross validation
2021-04-14 07:34:41,815:INFO:Cross validating with StratifiedKFold(n_splits=10, random_state=2638, shuffle=False), n_jobs=-1
2021-04-14 07:34:41,976:INFO:Calculating mean and std
2021-04-14 07:34:41,978:INFO:Creating metrics dataframe
2021-04-14 07:34:41,986:INFO:Uploading results into container
2021-04-14 07:34:41,986:INFO:Uploading model into container now
2021-04-14 07:34:41,986:INFO:create_model_container: 6
2021-04-14 07:34:41,986:INFO:master_model_container: 6
2021-04-14 07:34:41,986:INFO:display_container: 2
2021-04-14 07:34:41,987:INFO:RidgeClassifier(alpha=1.0, class_weight=None, copy_X=True, fit_intercept=True,
                max_iter=None, normalize=False, random_state=2638,
                solver='auto', tol=0.001)
2021-04-14 07:34:41,987:INFO:create_model() succesfully completed......................................
2021-04-14 07:34:42,075:INFO:SubProcess create_model() end ==================================
2021-04-14 07:34:42,076:INFO:Creating metrics dataframe
2021-04-14 07:34:42,100:INFO:Initializing Random Forest Classifier
2021-04-14 07:34:42,101:INFO:Total runtime is 0.16024674971898392 minutes
2021-04-14 07:34:42,122:INFO:SubProcess create_model() called ==================================
2021-04-14 07:34:42,123:INFO:Initializing create_model()
2021-04-14 07:34:42,124:INFO:create_model(estimator=rf, fold=StratifiedKFold(n_splits=10, random_state=2638, shuffle=False), round=4, cross_validation=True, predict=True, fit_kwargs={}, groups=None, refit=False, verbose=False, system=False, metrics=None, display=<pycaret.internal.Display.Display object at 0x7ff5384e6e80>, kwargs={})
2021-04-14 07:34:42,125:INFO:Checking exceptions
2021-04-14 07:34:42,125:INFO:Importing libraries
2021-04-14 07:34:42,125:INFO:Copying training dataset
2021-04-14 07:34:42,128:INFO:Defining folds
2021-04-14 07:34:42,130:INFO:Declaring metric variables
2021-04-14 07:34:42,145:INFO:Importing untrained model
2021-04-14 07:34:42,162:INFO:Random Forest Classifier Imported succesfully
2021-04-14 07:34:42,195:INFO:Starting cross validation
2021-04-14 07:34:42,197:INFO:Cross validating with StratifiedKFold(n_splits=10, random_state=2638, shuffle=False), n_jobs=-1
2021-04-14 07:34:43,940:INFO:Calculating mean and std
2021-04-14 07:34:43,941:INFO:Creating metrics dataframe
2021-04-14 07:34:43,948:INFO:Uploading results into container
2021-04-14 07:34:43,948:INFO:Uploading model into container now
2021-04-14 07:34:43,948:INFO:create_model_container: 7
2021-04-14 07:34:43,949:INFO:master_model_container: 7
2021-04-14 07:34:43,949:INFO:display_container: 2
2021-04-14 07:34:43,950:INFO:RandomForestClassifier(bootstrap=True, ccp_alpha=0.0, class_weight=None,
                       criterion='gini', max_depth=None, max_features='auto',
                       max_leaf_nodes=None, max_samples=None,
                       min_impurity_decrease=0.0, min_impurity_split=None,
                       min_samples_leaf=1, min_samples_split=2,
                       min_weight_fraction_leaf=0.0, n_estimators=100,
                       n_jobs=-1, oob_score=False, random_state=2638, verbose=0,
                       warm_start=False)
2021-04-14 07:34:43,950:INFO:create_model() succesfully completed......................................
2021-04-14 07:34:44,036:INFO:SubProcess create_model() end ==================================
2021-04-14 07:34:44,036:INFO:Creating metrics dataframe
2021-04-14 07:34:44,060:INFO:Initializing Quadratic Discriminant Analysis
2021-04-14 07:34:44,060:INFO:Total runtime is 0.1929035663604736 minutes
2021-04-14 07:34:44,074:INFO:SubProcess create_model() called ==================================
2021-04-14 07:34:44,075:INFO:Initializing create_model()
2021-04-14 07:34:44,075:INFO:create_model(estimator=qda, fold=StratifiedKFold(n_splits=10, random_state=2638, shuffle=False), round=4, cross_validation=True, predict=True, fit_kwargs={}, groups=None, refit=False, verbose=False, system=False, metrics=None, display=<pycaret.internal.Display.Display object at 0x7ff5384e6e80>, kwargs={})
2021-04-14 07:34:44,075:INFO:Checking exceptions
2021-04-14 07:34:44,076:INFO:Importing libraries
2021-04-14 07:34:44,076:INFO:Copying training dataset
2021-04-14 07:34:44,078:INFO:Defining folds
2021-04-14 07:34:44,079:INFO:Declaring metric variables
2021-04-14 07:34:44,099:INFO:Importing untrained model
2021-04-14 07:34:44,117:INFO:Quadratic Discriminant Analysis Imported succesfully
2021-04-14 07:34:44,150:INFO:Starting cross validation
2021-04-14 07:34:44,151:INFO:Cross validating with StratifiedKFold(n_splits=10, random_state=2638, shuffle=False), n_jobs=-1
2021-04-14 07:34:44,278:INFO:Calculating mean and std
2021-04-14 07:34:44,279:INFO:Creating metrics dataframe
2021-04-14 07:34:44,284:INFO:Uploading results into container
2021-04-14 07:34:44,284:INFO:Uploading model into container now
2021-04-14 07:34:44,284:INFO:create_model_container: 8
2021-04-14 07:34:44,285:INFO:master_model_container: 8
2021-04-14 07:34:44,285:INFO:display_container: 2
2021-04-14 07:34:44,285:INFO:QuadraticDiscriminantAnalysis(priors=None, reg_param=0.0,
                              store_covariance=False, tol=0.0001)
2021-04-14 07:34:44,285:INFO:create_model() succesfully completed......................................
2021-04-14 07:34:44,367:INFO:SubProcess create_model() end ==================================
2021-04-14 07:34:44,368:INFO:Creating metrics dataframe
2021-04-14 07:34:44,393:INFO:Initializing Ada Boost Classifier
2021-04-14 07:34:44,394:INFO:Total runtime is 0.19846401611963904 minutes
2021-04-14 07:34:44,409:INFO:SubProcess create_model() called ==================================
2021-04-14 07:34:44,409:INFO:Initializing create_model()
2021-04-14 07:34:44,409:INFO:create_model(estimator=ada, fold=StratifiedKFold(n_splits=10, random_state=2638, shuffle=False), round=4, cross_validation=True, predict=True, fit_kwargs={}, groups=None, refit=False, verbose=False, system=False, metrics=None, display=<pycaret.internal.Display.Display object at 0x7ff5384e6e80>, kwargs={})
2021-04-14 07:34:44,410:INFO:Checking exceptions
2021-04-14 07:34:44,414:INFO:Importing libraries
2021-04-14 07:34:44,414:INFO:Copying training dataset
2021-04-14 07:34:44,416:INFO:Defining folds
2021-04-14 07:34:44,419:INFO:Declaring metric variables
2021-04-14 07:34:44,435:INFO:Importing untrained model
2021-04-14 07:34:44,453:INFO:Ada Boost Classifier Imported succesfully
2021-04-14 07:34:44,489:INFO:Starting cross validation
2021-04-14 07:34:44,495:INFO:Cross validating with StratifiedKFold(n_splits=10, random_state=2638, shuffle=False), n_jobs=-1
2021-04-14 07:34:45,184:INFO:Calculating mean and std
2021-04-14 07:34:45,185:INFO:Creating metrics dataframe
2021-04-14 07:34:45,193:INFO:Uploading results into container
2021-04-14 07:34:45,193:INFO:Uploading model into container now
2021-04-14 07:34:45,193:INFO:create_model_container: 9
2021-04-14 07:34:45,193:INFO:master_model_container: 9
2021-04-14 07:34:45,193:INFO:display_container: 2
2021-04-14 07:34:45,194:INFO:AdaBoostClassifier(algorithm='SAMME.R', base_estimator=None, learning_rate=1.0,
                   n_estimators=50, random_state=2638)
2021-04-14 07:34:45,194:INFO:create_model() succesfully completed......................................
2021-04-14 07:34:45,282:INFO:SubProcess create_model() end ==================================
2021-04-14 07:34:45,282:INFO:Creating metrics dataframe
2021-04-14 07:34:45,309:INFO:Initializing Gradient Boosting Classifier
2021-04-14 07:34:45,310:INFO:Total runtime is 0.21373172998428341 minutes
2021-04-14 07:34:45,325:INFO:SubProcess create_model() called ==================================
2021-04-14 07:34:45,326:INFO:Initializing create_model()
2021-04-14 07:34:45,326:INFO:create_model(estimator=gbc, fold=StratifiedKFold(n_splits=10, random_state=2638, shuffle=False), round=4, cross_validation=True, predict=True, fit_kwargs={}, groups=None, refit=False, verbose=False, system=False, metrics=None, display=<pycaret.internal.Display.Display object at 0x7ff5384e6e80>, kwargs={})
2021-04-14 07:34:45,326:INFO:Checking exceptions
2021-04-14 07:34:45,327:INFO:Importing libraries
2021-04-14 07:34:45,327:INFO:Copying training dataset
2021-04-14 07:34:45,328:INFO:Defining folds
2021-04-14 07:34:45,329:INFO:Declaring metric variables
2021-04-14 07:34:45,353:INFO:Importing untrained model
2021-04-14 07:34:45,369:INFO:Gradient Boosting Classifier Imported succesfully
2021-04-14 07:34:45,410:INFO:Starting cross validation
2021-04-14 07:34:45,411:INFO:Cross validating with StratifiedKFold(n_splits=10, random_state=2638, shuffle=False), n_jobs=-1
2021-04-14 07:34:45,968:INFO:Calculating mean and std
2021-04-14 07:34:45,969:INFO:Creating metrics dataframe
2021-04-14 07:34:45,978:INFO:Uploading results into container
2021-04-14 07:34:45,978:INFO:Uploading model into container now
2021-04-14 07:34:45,978:INFO:create_model_container: 10
2021-04-14 07:34:45,978:INFO:master_model_container: 10
2021-04-14 07:34:45,978:INFO:display_container: 2
2021-04-14 07:34:45,979:INFO:GradientBoostingClassifier(ccp_alpha=0.0, criterion='friedman_mse', init=None,
                           learning_rate=0.1, loss='deviance', max_depth=3,
                           max_features=None, max_leaf_nodes=None,
                           min_impurity_decrease=0.0, min_impurity_split=None,
                           min_samples_leaf=1, min_samples_split=2,
                           min_weight_fraction_leaf=0.0, n_estimators=100,
                           n_iter_no_change=None, presort='deprecated',
                           random_state=2638, subsample=1.0, tol=0.0001,
                           validation_fraction=0.1, verbose=0,
                           warm_start=False)
2021-04-14 07:34:45,979:INFO:create_model() succesfully completed......................................
2021-04-14 07:34:46,060:INFO:SubProcess create_model() end ==================================
2021-04-14 07:34:46,060:INFO:Creating metrics dataframe
2021-04-14 07:34:46,089:INFO:Initializing Linear Discriminant Analysis
2021-04-14 07:34:46,089:INFO:Total runtime is 0.2267249186833699 minutes
2021-04-14 07:34:46,105:INFO:SubProcess create_model() called ==================================
2021-04-14 07:34:46,105:INFO:Initializing create_model()
2021-04-14 07:34:46,106:INFO:create_model(estimator=lda, fold=StratifiedKFold(n_splits=10, random_state=2638, shuffle=False), round=4, cross_validation=True, predict=True, fit_kwargs={}, groups=None, refit=False, verbose=False, system=False, metrics=None, display=<pycaret.internal.Display.Display object at 0x7ff5384e6e80>, kwargs={})
2021-04-14 07:34:46,109:INFO:Checking exceptions
2021-04-14 07:34:46,110:INFO:Importing libraries
2021-04-14 07:34:46,113:INFO:Copying training dataset
2021-04-14 07:34:46,119:INFO:Defining folds
2021-04-14 07:34:46,119:INFO:Declaring metric variables
2021-04-14 07:34:46,134:INFO:Importing untrained model
2021-04-14 07:34:46,150:INFO:Linear Discriminant Analysis Imported succesfully
2021-04-14 07:34:46,185:INFO:Starting cross validation
2021-04-14 07:34:46,186:INFO:Cross validating with StratifiedKFold(n_splits=10, random_state=2638, shuffle=False), n_jobs=-1
2021-04-14 07:34:46,311:INFO:Calculating mean and std
2021-04-14 07:34:46,313:INFO:Creating metrics dataframe
2021-04-14 07:34:46,318:INFO:Uploading results into container
2021-04-14 07:34:46,318:INFO:Uploading model into container now
2021-04-14 07:34:46,318:INFO:create_model_container: 11
2021-04-14 07:34:46,319:INFO:master_model_container: 11
2021-04-14 07:34:46,319:INFO:display_container: 2
2021-04-14 07:34:46,320:INFO:LinearDiscriminantAnalysis(n_components=None, priors=None, shrinkage=None,
                           solver='svd', store_covariance=False, tol=0.0001)
2021-04-14 07:34:46,320:INFO:create_model() succesfully completed......................................
2021-04-14 07:34:46,399:INFO:SubProcess create_model() end ==================================
2021-04-14 07:34:46,399:INFO:Creating metrics dataframe
2021-04-14 07:34:46,428:INFO:Initializing Extra Trees Classifier
2021-04-14 07:34:46,429:INFO:Total runtime is 0.23238074779510495 minutes
2021-04-14 07:34:46,443:INFO:SubProcess create_model() called ==================================
2021-04-14 07:34:46,445:INFO:Initializing create_model()
2021-04-14 07:34:46,445:INFO:create_model(estimator=et, fold=StratifiedKFold(n_splits=10, random_state=2638, shuffle=False), round=4, cross_validation=True, predict=True, fit_kwargs={}, groups=None, refit=False, verbose=False, system=False, metrics=None, display=<pycaret.internal.Display.Display object at 0x7ff5384e6e80>, kwargs={})
2021-04-14 07:34:46,445:INFO:Checking exceptions
2021-04-14 07:34:46,445:INFO:Importing libraries
2021-04-14 07:34:46,445:INFO:Copying training dataset
2021-04-14 07:34:46,447:INFO:Defining folds
2021-04-14 07:34:46,447:INFO:Declaring metric variables
2021-04-14 07:34:46,469:INFO:Importing untrained model
2021-04-14 07:34:46,488:INFO:Extra Trees Classifier Imported succesfully
2021-04-14 07:34:46,526:INFO:Starting cross validation
2021-04-14 07:34:46,527:INFO:Cross validating with StratifiedKFold(n_splits=10, random_state=2638, shuffle=False), n_jobs=-1
2021-04-14 07:34:47,908:INFO:Calculating mean and std
2021-04-14 07:34:47,909:INFO:Creating metrics dataframe
2021-04-14 07:34:47,915:INFO:Uploading results into container
2021-04-14 07:34:47,915:INFO:Uploading model into container now
2021-04-14 07:34:47,915:INFO:create_model_container: 12
2021-04-14 07:34:47,915:INFO:master_model_container: 12
2021-04-14 07:34:47,916:INFO:display_container: 2
2021-04-14 07:34:47,917:INFO:ExtraTreesClassifier(bootstrap=False, ccp_alpha=0.0, class_weight=None,
                     criterion='gini', max_depth=None, max_features='auto',
                     max_leaf_nodes=None, max_samples=None,
                     min_impurity_decrease=0.0, min_impurity_split=None,
                     min_samples_leaf=1, min_samples_split=2,
                     min_weight_fraction_leaf=0.0, n_estimators=100, n_jobs=-1,
                     oob_score=False, random_state=2638, verbose=0,
                     warm_start=False)
2021-04-14 07:34:47,917:INFO:create_model() succesfully completed......................................
2021-04-14 07:34:47,991:INFO:SubProcess create_model() end ==================================
2021-04-14 07:34:47,991:INFO:Creating metrics dataframe
2021-04-14 07:34:48,017:INFO:Initializing Extreme Gradient Boosting
2021-04-14 07:34:48,017:INFO:Total runtime is 0.2588622490564982 minutes
2021-04-14 07:34:48,031:INFO:SubProcess create_model() called ==================================
2021-04-14 07:34:48,032:INFO:Initializing create_model()
2021-04-14 07:34:48,032:INFO:create_model(estimator=xgboost, fold=StratifiedKFold(n_splits=10, random_state=2638, shuffle=False), round=4, cross_validation=True, predict=True, fit_kwargs={}, groups=None, refit=False, verbose=False, system=False, metrics=None, display=<pycaret.internal.Display.Display object at 0x7ff5384e6e80>, kwargs={})
2021-04-14 07:34:48,032:INFO:Checking exceptions
2021-04-14 07:34:48,033:INFO:Importing libraries
2021-04-14 07:34:48,033:INFO:Copying training dataset
2021-04-14 07:34:48,034:INFO:Defining folds
2021-04-14 07:34:48,034:INFO:Declaring metric variables
2021-04-14 07:34:48,054:INFO:Importing untrained model
2021-04-14 07:34:48,070:INFO:Extreme Gradient Boosting Imported succesfully
2021-04-14 07:34:48,102:INFO:Starting cross validation
2021-04-14 07:34:48,105:INFO:Cross validating with StratifiedKFold(n_splits=10, random_state=2638, shuffle=False), n_jobs=-1
2021-04-14 07:34:50,098:INFO:Calculating mean and std
2021-04-14 07:34:50,100:INFO:Creating metrics dataframe
2021-04-14 07:34:50,108:INFO:Uploading results into container
2021-04-14 07:34:50,109:INFO:Uploading model into container now
2021-04-14 07:34:50,109:INFO:create_model_container: 13
2021-04-14 07:34:50,109:INFO:master_model_container: 13
2021-04-14 07:34:50,109:INFO:display_container: 2
2021-04-14 07:34:50,111:INFO:XGBClassifier(base_score=None, booster='gbtree', colsample_bylevel=None,
              colsample_bynode=None, colsample_bytree=None, gamma=None,
              gpu_id=None, importance_type='gain', interaction_constraints=None,
              learning_rate=None, max_delta_step=None, max_depth=None,
              min_child_weight=None, missing=nan, monotone_constraints=None,
              n_estimators=100, n_jobs=-1, num_parallel_tree=None,
              objective='binary:logistic', random_state=2638, reg_alpha=None,
              reg_lambda=None, scale_pos_weight=None, subsample=None,
              tree_method='auto', use_label_encoder=True,
              validate_parameters=None, verbosity=0)
2021-04-14 07:34:50,111:INFO:create_model() succesfully completed......................................
2021-04-14 07:34:50,208:INFO:SubProcess create_model() end ==================================
2021-04-14 07:34:50,208:INFO:Creating metrics dataframe
2021-04-14 07:34:50,260:INFO:Initializing Light Gradient Boosting Machine
2021-04-14 07:34:50,260:INFO:Total runtime is 0.2962363004684448 minutes
2021-04-14 07:34:50,299:INFO:SubProcess create_model() called ==================================
2021-04-14 07:34:50,299:INFO:Initializing create_model()
2021-04-14 07:34:50,299:INFO:create_model(estimator=lightgbm, fold=StratifiedKFold(n_splits=10, random_state=2638, shuffle=False), round=4, cross_validation=True, predict=True, fit_kwargs={}, groups=None, refit=False, verbose=False, system=False, metrics=None, display=<pycaret.internal.Display.Display object at 0x7ff5384e6e80>, kwargs={})
2021-04-14 07:34:50,299:INFO:Checking exceptions
2021-04-14 07:34:50,300:INFO:Importing libraries
2021-04-14 07:34:50,300:INFO:Copying training dataset
2021-04-14 07:34:50,302:INFO:Defining folds
2021-04-14 07:34:50,302:INFO:Declaring metric variables
2021-04-14 07:34:50,325:INFO:Importing untrained model
2021-04-14 07:34:50,350:INFO:Light Gradient Boosting Machine Imported succesfully
2021-04-14 07:34:50,393:INFO:Starting cross validation
2021-04-14 07:34:50,394:INFO:Cross validating with StratifiedKFold(n_splits=10, random_state=2638, shuffle=False), n_jobs=-1
2021-04-14 07:34:51,736:INFO:Calculating mean and std
2021-04-14 07:34:51,738:INFO:Creating metrics dataframe
2021-04-14 07:34:51,748:INFO:Uploading results into container
2021-04-14 07:34:51,748:INFO:Uploading model into container now
2021-04-14 07:34:51,748:INFO:create_model_container: 14
2021-04-14 07:34:51,749:INFO:master_model_container: 14
2021-04-14 07:34:51,749:INFO:display_container: 2
2021-04-14 07:34:51,750:INFO:LGBMClassifier(boosting_type='gbdt', class_weight=None, colsample_bytree=1.0,
               importance_type='split', learning_rate=0.1, max_depth=-1,
               min_child_samples=20, min_child_weight=0.001, min_split_gain=0.0,
               n_estimators=100, n_jobs=-1, num_leaves=31, objective=None,
               random_state=2638, reg_alpha=0.0, reg_lambda=0.0, silent=True,
               subsample=1.0, subsample_for_bin=200000, subsample_freq=0)
2021-04-14 07:34:51,750:INFO:create_model() succesfully completed......................................
2021-04-14 07:34:51,851:INFO:SubProcess create_model() end ==================================
2021-04-14 07:34:51,851:INFO:Creating metrics dataframe
2021-04-14 07:34:51,897:INFO:Initializing CatBoost Classifier
2021-04-14 07:34:51,897:INFO:Total runtime is 0.32352404594421386 minutes
2021-04-14 07:34:51,920:INFO:SubProcess create_model() called ==================================
2021-04-14 07:34:51,920:INFO:Initializing create_model()
2021-04-14 07:34:51,923:INFO:create_model(estimator=catboost, fold=StratifiedKFold(n_splits=10, random_state=2638, shuffle=False), round=4, cross_validation=True, predict=True, fit_kwargs={}, groups=None, refit=False, verbose=False, system=False, metrics=None, display=<pycaret.internal.Display.Display object at 0x7ff5384e6e80>, kwargs={})
2021-04-14 07:34:51,925:INFO:Checking exceptions
2021-04-14 07:34:51,926:INFO:Importing libraries
2021-04-14 07:34:51,926:INFO:Copying training dataset
2021-04-14 07:34:51,928:INFO:Defining folds
2021-04-14 07:34:51,930:INFO:Declaring metric variables
2021-04-14 07:34:51,953:INFO:Importing untrained model
2021-04-14 07:34:51,972:INFO:CatBoost Classifier Imported succesfully
2021-04-14 07:34:52,014:INFO:Starting cross validation
2021-04-14 07:34:52,018:INFO:Cross validating with StratifiedKFold(n_splits=10, random_state=2638, shuffle=False), n_jobs=-1
2021-04-14 07:35:00,617:INFO:Calculating mean and std
2021-04-14 07:35:00,619:INFO:Creating metrics dataframe
2021-04-14 07:35:00,624:INFO:Uploading results into container
2021-04-14 07:35:00,625:INFO:Uploading model into container now
2021-04-14 07:35:00,626:INFO:create_model_container: 15
2021-04-14 07:35:00,627:INFO:master_model_container: 15
2021-04-14 07:35:00,627:INFO:display_container: 2
2021-04-14 07:35:00,627:INFO:<catboost.core.CatBoostClassifier object at 0x7ff538df96a0>
2021-04-14 07:35:00,628:INFO:create_model() succesfully completed......................................
2021-04-14 07:35:00,707:INFO:SubProcess create_model() end ==================================
2021-04-14 07:35:00,707:INFO:Creating metrics dataframe
2021-04-14 07:35:00,786:INFO:Initializing create_model()
2021-04-14 07:35:00,786:INFO:create_model(estimator=ExtraTreesClassifier(bootstrap=False, ccp_alpha=0.0, class_weight=None,
                     criterion='gini', max_depth=None, max_features='auto',
                     max_leaf_nodes=None, max_samples=None,
                     min_impurity_decrease=0.0, min_impurity_split=None,
                     min_samples_leaf=1, min_samples_split=2,
                     min_weight_fraction_leaf=0.0, n_estimators=100, n_jobs=-1,
                     oob_score=False, random_state=2638, verbose=0,
                     warm_start=False), fold=StratifiedKFold(n_splits=10, random_state=2638, shuffle=False), round=4, cross_validation=False, predict=False, fit_kwargs={}, groups=None, refit=True, verbose=False, system=False, metrics=None, display=None, kwargs={})
2021-04-14 07:35:00,786:INFO:Checking exceptions
2021-04-14 07:35:00,787:INFO:Importing libraries
2021-04-14 07:35:00,787:INFO:Copying training dataset
2021-04-14 07:35:00,788:INFO:Defining folds
2021-04-14 07:35:00,788:INFO:Declaring metric variables
2021-04-14 07:35:00,788:INFO:Importing untrained model
2021-04-14 07:35:00,788:INFO:Declaring custom model
2021-04-14 07:35:00,789:INFO:Extra Trees Classifier Imported succesfully
2021-04-14 07:35:00,790:INFO:Cross validation set to False
2021-04-14 07:35:00,790:INFO:Fitting Model
2021-04-14 07:35:01,062:INFO:ExtraTreesClassifier(bootstrap=False, ccp_alpha=0.0, class_weight=None,
                     criterion='gini', max_depth=None, max_features='auto',
                     max_leaf_nodes=None, max_samples=None,
                     min_impurity_decrease=0.0, min_impurity_split=None,
                     min_samples_leaf=1, min_samples_split=2,
                     min_weight_fraction_leaf=0.0, n_estimators=100, n_jobs=-1,
                     oob_score=False, random_state=2638, verbose=0,
                     warm_start=False)
2021-04-14 07:35:01,062:INFO:create_models() succesfully completed......................................
2021-04-14 07:35:01,220:INFO:create_model_container: 15
2021-04-14 07:35:01,220:INFO:master_model_container: 15
2021-04-14 07:35:01,220:INFO:display_container: 2
2021-04-14 07:35:01,221:INFO:ExtraTreesClassifier(bootstrap=False, ccp_alpha=0.0, class_weight=None,
                     criterion='gini', max_depth=None, max_features='auto',
                     max_leaf_nodes=None, max_samples=None,
                     min_impurity_decrease=0.0, min_impurity_split=None,
                     min_samples_leaf=1, min_samples_split=2,
                     min_weight_fraction_leaf=0.0, n_estimators=100, n_jobs=-1,
                     oob_score=False, random_state=2638, verbose=0,
                     warm_start=False)
2021-04-14 07:35:01,221:INFO:compare_models() succesfully completed......................................
